#! /c/iverilog/bin/vvp
:ivl_version "0.9.7 " "(v0_9_7)";
:vpi_time_precision - 10;
:vpi_module "system";
:vpi_module "v2005_math";
:vpi_module "va_math";
S_00F27A40 .scope module, "testbench" "testbench" 2 22;
 .timescale -9 -10;
v00F8D430_0 .net "AES_S_box", 127 0, v00F8BD80_0; 1 drivers
v00F8D170_0 .net "S_box_AES", 127 0, v0108AF28_0; 1 drivers
v00F8D590_0 .net "S_box_W3", 31 0, v0108AAD0_0; 1 drivers
v00F8D5E8_0 .net "W3_S_box", 31 0, v00F8AF98_0; 1 drivers
v00F8D3D8_0 .net "addroundkey_reg_o", 127 0, v00F8BD28_0; 1 drivers
v00F8D1C8_0 .var "clk_i", 0 0;
v00F8D068_0 .net "cyphertext_o", 127 0, v00F503D8_0; 1 drivers
v00F8D010_0 .net "finish_o", 0 0, v00F8AD88_0; 1 drivers
v00F8D220_0 .var/i "fp_w", 31 0;
v00F8D850_0 .var/i "i", 31 0;
v00F8D748_0 .net "key", 127 0, v0108DDC8_0; 1 drivers
v00F8CF60_0 .net "pc", 6 0, v00F8B648_0; 1 drivers
v00F8CFB8_0 .net "plaintext", 127 0, v00F8B1A8_0; 1 drivers
v00F8CE58_0 .var "rst_ni", 0 0;
S_00F27C60 .scope module, "AES" "AES" 2 40, 3 13, S_00F27A40;
 .timescale -9 -10;
v00F8B6F8_0 .alias "W3_i", 31 0, v00F8D590_0;
v00F8BB70_0 .alias "W3_o", 31 0, v00F8D5E8_0;
v00F8B908_0 .alias "addroundkey_reg_o", 127 0, v00F8D3D8_0;
v00F8BAC0_0 .net "clk_i", 0 0, v00F8D1C8_0; 1 drivers
v00F8BB18_0 .net "controller_m1", 0 0, v00F8AEE8_0; 1 drivers
v00F8C358_0 .net "controller_m2", 0 0, v00F8AE90_0; 1 drivers
v00F8C1F8_0 .net "enable", 0 0, v00F8AFF0_0; 1 drivers
v00F8C3B0_0 .alias "finish_o", 0 0, v00F8D010_0;
v00F8C098_0 .net "key0", 127 0, v00F8B468_0; 1 drivers
v00F8C460_0 .alias "key_i", 127 0, v00F8D748_0;
v00F8C4B8_0 .net "m1_reg", 127 0, L_00F8D0C0; 1 drivers
v00F8C0F0_0 .net "m2_addroundkey", 127 0, L_00F8CDA8; 1 drivers
v00F8C250_0 .net "mixcolumns_m2", 127 0, v00F8B7A8_0; 1 drivers
v00F8C408_0 .alias "pc_o", 6 0, v00F8CF60_0;
v00F8C2A8_0 .alias "plaintext_i", 127 0, v00F8CFB8_0;
v00F8C300_0 .alias "reg_subbytes_o", 127 0, v00F8D430_0;
v00F8C1A0_0 .net "rowshift_mixcolumns", 127 0, v00F8BCD0_0; 1 drivers
v00F8C510_0 .net "rst_ni", 0 0, v00F8CE58_0; 1 drivers
v00F8C148_0 .alias "subbytes_rowshift_i", 127 0, v00F8D170_0;
v00F8D538_0 .net "xor_m1", 127 0, v00F8BF38_0; 1 drivers
S_00F271C0 .scope module, "pc" "pc" 3 41, 4 2, S_00F27C60;
 .timescale -9 -10;
v00F8C040_0 .alias "clk_i", 0 0, v00F8BAC0_0;
v00F8BA10_0 .alias "enable_i", 0 0, v00F8C1F8_0;
v00F8B648_0 .var "pc_o", 6 0;
v00F8BA68_0 .alias "rst_ni", 0 0, v00F8C510_0;
S_00F26E08 .scope module, "addroundkey0" "addroundkey" 3 46, 5 2, S_00F27C60;
 .timescale -9 -10;
v00F8BEE0_0 .alias "cyphertext_temp_i", 127 0, v00F8CFB8_0;
v00F8BF38_0 .var "cyphertext_temp_o", 127 0;
v00F8BFE8_0 .alias "key_i", 127 0, v00F8D748_0;
E_00F576D8 .event edge, v00F8B1A8_0, v0108DDC8_0;
S_00F272D0 .scope module, "m1" "MUX2_128" 3 50, 6 2, S_00F27C60;
 .timescale -9 -10;
v00F8B858_0 .alias "a", 127 0, v00F8D538_0;
v00F8B8B0_0 .alias "b", 127 0, v00F8D3D8_0;
v00F8B960_0 .alias "o", 127 0, v00F8C4B8_0;
v00F8BE88_0 .alias "s", 0 0, v00F8BB18_0;
L_00F8D0C0 .functor MUXZ 128, v00F8BF38_0, v00F8BD28_0, v00F8AEE8_0, C4<>;
S_00F26D80 .scope module, "algorithm_reg" "algorithm_reg" 3 55, 7 2, S_00F27C60;
 .timescale -9 -10;
v00F8B9B8_0 .alias "clk_i", 0 0, v00F8BAC0_0;
v00F8BF90_0 .alias "cyphertext_d", 127 0, v00F8C4B8_0;
v00F8BD80_0 .var "cyphertext_q", 127 0;
S_00F26A50 .scope module, "shiftrows" "shiftrows" 3 59, 8 2, S_00F27C60;
 .timescale -9 -10;
v00F8B6A0_0 .alias "cyphertext_temp_i", 127 0, v00F8D170_0;
v00F8BCD0_0 .var "cyphertext_temp_o", 127 0;
E_00F577F8 .event edge, v0108AF28_0;
S_00F28788 .scope module, "mixcolumns" "mixcolumns" 3 62, 9 2, S_00F27C60;
 .timescale -9 -10;
v00F8B598_0 .alias "cyphertext_temp_i", 127 0, v00F8C1A0_0;
v00F8B7A8_0 .var "cyphertext_temp_o", 127 0;
E_00F574F8 .event edge, v00F8BDD8_0;
S_00F27E80 .scope function, "X2" "X2" 9 27, 9 27, S_00F28788;
 .timescale -9 -10;
v00F8BC78_0 .var "X2", 7 0;
v00F8B800_0 .var "cyphertext", 7 0;
v00F8BC20_0 .var "temp", 7 0;
TD_testbench.AES.mixcolumns.X2 ;
    %load/v 8, v00F8B800_0, 8;
    %ix/load 0, 1, 0;
    %mov 4, 0, 1;
    %shiftl/i0  8, 8;
    %set/v v00F8BC20_0, 8, 8;
    %ix/load 1, 7, 0;
    %mov 4, 0, 1;
    %jmp/1 T_0.0, 4;
    %load/x1p 8, v00F8B800_0, 1;
    %jmp T_0.1;
T_0.0 ;
    %mov 8, 2, 1;
T_0.1 ;
; Save base=8 wid=1 in lookaside.
    %jmp/0xz  T_0.2, 8;
    %load/v 8, v00F8BC20_0, 8;
    %movi 16, 27, 8;
    %xor 8, 16, 8;
    %set/v v00F8BC78_0, 8, 8;
    %jmp T_0.3;
T_0.2 ;
    %load/v 8, v00F8BC20_0, 8;
    %set/v v00F8BC78_0, 8, 8;
T_0.3 ;
    %end;
S_00F28700 .scope module, "m2" "MUX2_128" 3 65, 6 2, S_00F27C60;
 .timescale -9 -10;
v00F8BDD8_0 .alias "a", 127 0, v00F8C1A0_0;
v00F8BE30_0 .alias "b", 127 0, v00F8C250_0;
v00F8B5F0_0 .alias "o", 127 0, v00F8C0F0_0;
v00F8BBC8_0 .alias "s", 0 0, v00F8C358_0;
L_00F8CDA8 .functor MUXZ 128, v00F8BCD0_0, v00F8B7A8_0, v00F8AE90_0, C4<>;
S_00F285F0 .scope module, "addroundkey1" "addroundkey" 3 70, 5 2, S_00F27C60;
 .timescale -9 -10;
v00F8AE38_0 .alias "cyphertext_temp_i", 127 0, v00F8C0F0_0;
v00F8BD28_0 .var "cyphertext_temp_o", 127 0;
v00F8B750_0 .alias "key_i", 127 0, v00F8C098_0;
E_00F57338 .event edge, v00F8AE38_0, v00F8B468_0;
S_00F27B50 .scope module, "key_expansion" "key_expansion" 3 74, 10 2, S_00F27C60;
 .timescale -9 -10;
v00F8B258_0 .var "RC", 7 0;
v00F8AF40_0 .var "W0", 31 0;
v00F8B308_0 .var "W1", 31 0;
v00F8B4C0_0 .var "W2", 31 0;
v00F8AF98_0 .var "W3_o", 31 0;
v00F8B360_0 .alias "W_S_box", 31 0, v00F8D590_0;
v00F8B048_0 .alias "clk_i", 0 0, v00F8BAC0_0;
v00F8B3B8_0 .var "counter", 3 0;
v00F8B410_0 .alias "key_i", 127 0, v00F8D748_0;
v00F8B468_0 .var "key_o", 127 0;
v00F8ADE0_0 .alias "rst_ni", 0 0, v00F8C510_0;
E_00F57298/0 .event edge, v00F8AF40_0, v0108AAD0_0, v00F8B258_0, v00F8B308_0;
E_00F57298/1 .event edge, v00F8B468_0, v00F8B4C0_0, v00F2F8B8_0;
E_00F57298 .event/or E_00F57298/0, E_00F57298/1;
S_00F27CE8 .scope module, "controller" "controller" 3 81, 11 2, S_00F27C60;
 .timescale -9 -10;
P_00F3BA0C .param/l "DONE" 11 17, C4<10>;
P_00F3BA20 .param/l "ENCRYPT" 11 16, C4<01>;
P_00F3BA34 .param/l "RST" 11 15, C4<00>;
v00F8B0A0_0 .alias "clk_i", 0 0, v00F8BAC0_0;
v00F8B2B0_0 .var "counter", 3 0;
v00F8AFF0_0 .var "enable_o", 0 0;
v00F8AD88_0 .var "finish_o", 0 0;
v00F8B0F8_0 .var "n_state", 1 0;
v00F8B200_0 .alias "rst_ni", 0 0, v00F8C510_0;
v00F8AEE8_0 .var "select1_o", 0 0;
v00F8AE90_0 .var "select2_o", 0 0;
v00F8B150_0 .var "state", 1 0;
E_00F571B8 .event edge, v00F8B150_0, v00F8B2B0_0;
E_00F572F8/0 .event negedge, v00F8B200_0;
E_00F572F8/1 .event posedge, v0108AB28_0;
E_00F572F8 .event/or E_00F572F8/0, E_00F572F8/1;
S_00F27AC8 .scope module, "plaintext_key_ROM" "plaintext_key_ROM" 2 52, 12 2, S_00F27A40;
 .timescale -9 -10;
v01083BC8 .array "KEY_ROM", 1 0, 127 0;
v0108DD18 .array "ROM", 127 0, 127 0;
v0108DD70_0 .alias "clk_i", 0 0, v00F8BAC0_0;
v0108DDC8_0 .var "key_q", 127 0;
v00F3E380_0 .alias "pc_i", 6 0, v00F8CF60_0;
v00F8B1A8_0 .var "plaintext_q", 127 0;
S_00F28458 .scope module, "cyphertext_RAM" "cyphertext_RAM" 2 57, 13 2, S_00F27A40;
 .timescale -9 -10;
v0108AF80 .array "RAM", 127 0, 127 0;
v00F50328_0 .alias "clk_i", 0 0, v00F8BAC0_0;
v00F50380_0 .alias "cyphertext_d", 127 0, v00F8D3D8_0;
v00F503D8_0 .var "cyphertext_q", 127 0;
v01083B18_0 .alias "finish_d", 0 0, v00F8D010_0;
v01083B70_0 .alias "pc_i", 6 0, v00F8CF60_0;
E_00F573B8 .event posedge, v0108AB28_0;
S_00F27DF8 .scope module, "S_box_ROM" "S_box_ROM" 2 63, 14 2, S_00F27A40;
 .timescale -9 -10;
v0108ACA0 .array "S_box", 255 0, 7 0;
v00F2F8B8_0 .alias "W_i", 31 0, v00F8D5E8_0;
v0108AAD0_0 .var "W_o", 31 0;
v0108AB28_0 .alias "clk_i", 0 0, v00F8BAC0_0;
v0108AED0_0 .alias "cyphertext_temp_i", 127 0, v00F8D430_0;
v0108AF28_0 .var "cyphertext_temp_o", 127 0;
E_00F57178 .event negedge, v0108AB28_0;
    .scope S_00F271C0;
T_1 ;
    %wait E_00F572F8;
    %load/v 8, v00F8BA68_0, 1;
    %inv 8, 1;
    %jmp/0xz  T_1.0, 8;
    %ix/load 0, 7, 0;
    %assign/v0 v00F8B648_0, 0, 0;
    %jmp T_1.1;
T_1.0 ;
    %load/v 8, v00F8BA10_0, 1;
    %jmp/0xz  T_1.2, 8;
    %ix/load 0, 1, 0;
    %load/vp0 8, v00F8B648_0, 7;
    %ix/load 0, 7, 0;
    %assign/v0 v00F8B648_0, 0, 8;
    %jmp T_1.3;
T_1.2 ;
    %load/v 8, v00F8B648_0, 7;
    %ix/load 0, 7, 0;
    %assign/v0 v00F8B648_0, 0, 8;
T_1.3 ;
T_1.1 ;
    %jmp T_1;
    .thread T_1;
    .scope S_00F26E08;
T_2 ;
    %wait E_00F576D8;
    %load/v 8, v00F8BEE0_0, 128;
    %load/v 136, v00F8BFE8_0, 128;
    %xor 8, 136, 128;
    %set/v v00F8BF38_0, 8, 128;
    %jmp T_2;
    .thread T_2, $push;
    .scope S_00F26D80;
T_3 ;
    %wait E_00F573B8;
    %load/v 8, v00F8BF90_0, 128;
    %ix/load 0, 128, 0;
    %assign/v0 v00F8BD80_0, 0, 8;
    %jmp T_3;
    .thread T_3;
    .scope S_00F26A50;
T_4 ;
    %wait E_00F577F8;
    %ix/load 1, 32, 0;
    %mov 4, 0, 1;
    %jmp/1 T_4.0, 4;
    %load/x1p 136, v00F8B6A0_0, 8;
    %jmp T_4.1;
T_4.0 ;
    %mov 136, 2, 8;
T_4.1 ;
    %mov 8, 136, 8; Move signal select into place
    %ix/load 1, 72, 0;
    %mov 4, 0, 1;
    %jmp/1 T_4.2, 4;
    %load/x1p 136, v00F8B6A0_0, 8;
    %jmp T_4.3;
T_4.2 ;
    %mov 136, 2, 8;
T_4.3 ;
    %mov 16, 136, 8; Move signal select into place
    %ix/load 1, 112, 0;
    %mov 4, 0, 1;
    %jmp/1 T_4.4, 4;
    %load/x1p 136, v00F8B6A0_0, 8;
    %jmp T_4.5;
T_4.4 ;
    %mov 136, 2, 8;
T_4.5 ;
    %mov 24, 136, 8; Move signal select into place
    %ix/load 1, 24, 0;
    %mov 4, 0, 1;
    %jmp/1 T_4.6, 4;
    %load/x1p 136, v00F8B6A0_0, 8;
    %jmp T_4.7;
T_4.6 ;
    %mov 136, 2, 8;
T_4.7 ;
    %mov 32, 136, 8; Move signal select into place
    %ix/load 1, 64, 0;
    %mov 4, 0, 1;
    %jmp/1 T_4.8, 4;
    %load/x1p 136, v00F8B6A0_0, 8;
    %jmp T_4.9;
T_4.8 ;
    %mov 136, 2, 8;
T_4.9 ;
    %mov 40, 136, 8; Move signal select into place
    %ix/load 1, 104, 0;
    %mov 4, 0, 1;
    %jmp/1 T_4.10, 4;
    %load/x1p 136, v00F8B6A0_0, 8;
    %jmp T_4.11;
T_4.10 ;
    %mov 136, 2, 8;
T_4.11 ;
    %mov 48, 136, 8; Move signal select into place
    %ix/load 1, 16, 0;
    %mov 4, 0, 1;
    %jmp/1 T_4.12, 4;
    %load/x1p 136, v00F8B6A0_0, 8;
    %jmp T_4.13;
T_4.12 ;
    %mov 136, 2, 8;
T_4.13 ;
    %mov 56, 136, 8; Move signal select into place
    %ix/load 1, 56, 0;
    %mov 4, 0, 1;
    %jmp/1 T_4.14, 4;
    %load/x1p 136, v00F8B6A0_0, 8;
    %jmp T_4.15;
T_4.14 ;
    %mov 136, 2, 8;
T_4.15 ;
    %mov 64, 136, 8; Move signal select into place
    %ix/load 1, 96, 0;
    %mov 4, 0, 1;
    %jmp/1 T_4.16, 4;
    %load/x1p 136, v00F8B6A0_0, 8;
    %jmp T_4.17;
T_4.16 ;
    %mov 136, 2, 8;
T_4.17 ;
    %mov 72, 136, 8; Move signal select into place
    %ix/load 1, 8, 0;
    %mov 4, 0, 1;
    %jmp/1 T_4.18, 4;
    %load/x1p 136, v00F8B6A0_0, 8;
    %jmp T_4.19;
T_4.18 ;
    %mov 136, 2, 8;
T_4.19 ;
    %mov 80, 136, 8; Move signal select into place
    %ix/load 1, 48, 0;
    %mov 4, 0, 1;
    %jmp/1 T_4.20, 4;
    %load/x1p 136, v00F8B6A0_0, 8;
    %jmp T_4.21;
T_4.20 ;
    %mov 136, 2, 8;
T_4.21 ;
    %mov 88, 136, 8; Move signal select into place
    %ix/load 1, 88, 0;
    %mov 4, 0, 1;
    %jmp/1 T_4.22, 4;
    %load/x1p 136, v00F8B6A0_0, 8;
    %jmp T_4.23;
T_4.22 ;
    %mov 136, 2, 8;
T_4.23 ;
    %mov 96, 136, 8; Move signal select into place
    %load/v 104, v00F8B6A0_0, 8; Select 8 out of 128 bits
    %ix/load 1, 40, 0;
    %mov 4, 0, 1;
    %jmp/1 T_4.24, 4;
    %load/x1p 136, v00F8B6A0_0, 8;
    %jmp T_4.25;
T_4.24 ;
    %mov 136, 2, 8;
T_4.25 ;
    %mov 112, 136, 8; Move signal select into place
    %ix/load 1, 80, 0;
    %mov 4, 0, 1;
    %jmp/1 T_4.26, 4;
    %load/x1p 136, v00F8B6A0_0, 8;
    %jmp T_4.27;
T_4.26 ;
    %mov 136, 2, 8;
T_4.27 ;
    %mov 120, 136, 8; Move signal select into place
    %ix/load 1, 120, 0;
    %mov 4, 0, 1;
    %jmp/1 T_4.28, 4;
    %load/x1p 136, v00F8B6A0_0, 8;
    %jmp T_4.29;
T_4.28 ;
    %mov 136, 2, 8;
T_4.29 ;
    %mov 128, 136, 8; Move signal select into place
    %set/v v00F8BCD0_0, 8, 128;
    %jmp T_4;
    .thread T_4, $push;
    .scope S_00F28788;
T_5 ;
    %wait E_00F574F8;
    %ix/load 1, 120, 0;
    %mov 4, 0, 1;
    %jmp/1 T_5.0, 4;
    %load/x1p 8, v00F8B598_0, 8;
    %jmp T_5.1;
T_5.0 ;
    %mov 8, 2, 8;
T_5.1 ;
; Save base=8 wid=8 in lookaside.
    %ix/load 1, 112, 0;
    %mov 4, 0, 1;
    %jmp/1 T_5.2, 4;
    %load/x1p 16, v00F8B598_0, 8;
    %jmp T_5.3;
T_5.2 ;
    %mov 16, 2, 8;
T_5.3 ;
; Save base=16 wid=8 in lookaside.
    %xor 8, 16, 8;
    %set/v v00F8B800_0, 8, 8;
    %fork TD_testbench.AES.mixcolumns.X2, S_00F27E80;
    %join;
    %load/v  8, v00F8BC78_0, 8;
    %ix/load 1, 104, 0;
    %mov 4, 0, 1;
    %jmp/1 T_5.4, 4;
    %load/x1p 16, v00F8B598_0, 8;
    %jmp T_5.5;
T_5.4 ;
    %mov 16, 2, 8;
T_5.5 ;
; Save base=16 wid=8 in lookaside.
    %ix/load 1, 96, 0;
    %mov 4, 0, 1;
    %jmp/1 T_5.6, 4;
    %load/x1p 24, v00F8B598_0, 8;
    %jmp T_5.7;
T_5.6 ;
    %mov 24, 2, 8;
T_5.7 ;
; Save base=24 wid=8 in lookaside.
    %xor 16, 24, 8;
    %ix/load 1, 112, 0;
    %mov 4, 0, 1;
    %jmp/1 T_5.8, 4;
    %load/x1p 24, v00F8B598_0, 8;
    %jmp T_5.9;
T_5.8 ;
    %mov 24, 2, 8;
T_5.9 ;
; Save base=24 wid=8 in lookaside.
    %xor 16, 24, 8;
    %xor 8, 16, 8;
    %ix/load 0, 120, 0;
    %set/x0 v00F8B7A8_0, 8, 8;
    %ix/load 1, 88, 0;
    %mov 4, 0, 1;
    %jmp/1 T_5.10, 4;
    %load/x1p 8, v00F8B598_0, 8;
    %jmp T_5.11;
T_5.10 ;
    %mov 8, 2, 8;
T_5.11 ;
; Save base=8 wid=8 in lookaside.
    %ix/load 1, 80, 0;
    %mov 4, 0, 1;
    %jmp/1 T_5.12, 4;
    %load/x1p 16, v00F8B598_0, 8;
    %jmp T_5.13;
T_5.12 ;
    %mov 16, 2, 8;
T_5.13 ;
; Save base=16 wid=8 in lookaside.
    %xor 8, 16, 8;
    %set/v v00F8B800_0, 8, 8;
    %fork TD_testbench.AES.mixcolumns.X2, S_00F27E80;
    %join;
    %load/v  8, v00F8BC78_0, 8;
    %ix/load 1, 72, 0;
    %mov 4, 0, 1;
    %jmp/1 T_5.14, 4;
    %load/x1p 16, v00F8B598_0, 8;
    %jmp T_5.15;
T_5.14 ;
    %mov 16, 2, 8;
T_5.15 ;
; Save base=16 wid=8 in lookaside.
    %ix/load 1, 64, 0;
    %mov 4, 0, 1;
    %jmp/1 T_5.16, 4;
    %load/x1p 24, v00F8B598_0, 8;
    %jmp T_5.17;
T_5.16 ;
    %mov 24, 2, 8;
T_5.17 ;
; Save base=24 wid=8 in lookaside.
    %xor 16, 24, 8;
    %ix/load 1, 80, 0;
    %mov 4, 0, 1;
    %jmp/1 T_5.18, 4;
    %load/x1p 24, v00F8B598_0, 8;
    %jmp T_5.19;
T_5.18 ;
    %mov 24, 2, 8;
T_5.19 ;
; Save base=24 wid=8 in lookaside.
    %xor 16, 24, 8;
    %xor 8, 16, 8;
    %ix/load 0, 88, 0;
    %set/x0 v00F8B7A8_0, 8, 8;
    %ix/load 1, 56, 0;
    %mov 4, 0, 1;
    %jmp/1 T_5.20, 4;
    %load/x1p 8, v00F8B598_0, 8;
    %jmp T_5.21;
T_5.20 ;
    %mov 8, 2, 8;
T_5.21 ;
; Save base=8 wid=8 in lookaside.
    %ix/load 1, 48, 0;
    %mov 4, 0, 1;
    %jmp/1 T_5.22, 4;
    %load/x1p 16, v00F8B598_0, 8;
    %jmp T_5.23;
T_5.22 ;
    %mov 16, 2, 8;
T_5.23 ;
; Save base=16 wid=8 in lookaside.
    %xor 8, 16, 8;
    %set/v v00F8B800_0, 8, 8;
    %fork TD_testbench.AES.mixcolumns.X2, S_00F27E80;
    %join;
    %load/v  8, v00F8BC78_0, 8;
    %ix/load 1, 40, 0;
    %mov 4, 0, 1;
    %jmp/1 T_5.24, 4;
    %load/x1p 16, v00F8B598_0, 8;
    %jmp T_5.25;
T_5.24 ;
    %mov 16, 2, 8;
T_5.25 ;
; Save base=16 wid=8 in lookaside.
    %ix/load 1, 32, 0;
    %mov 4, 0, 1;
    %jmp/1 T_5.26, 4;
    %load/x1p 24, v00F8B598_0, 8;
    %jmp T_5.27;
T_5.26 ;
    %mov 24, 2, 8;
T_5.27 ;
; Save base=24 wid=8 in lookaside.
    %xor 16, 24, 8;
    %ix/load 1, 48, 0;
    %mov 4, 0, 1;
    %jmp/1 T_5.28, 4;
    %load/x1p 24, v00F8B598_0, 8;
    %jmp T_5.29;
T_5.28 ;
    %mov 24, 2, 8;
T_5.29 ;
; Save base=24 wid=8 in lookaside.
    %xor 16, 24, 8;
    %xor 8, 16, 8;
    %ix/load 0, 56, 0;
    %set/x0 v00F8B7A8_0, 8, 8;
    %ix/load 1, 24, 0;
    %mov 4, 0, 1;
    %jmp/1 T_5.30, 4;
    %load/x1p 8, v00F8B598_0, 8;
    %jmp T_5.31;
T_5.30 ;
    %mov 8, 2, 8;
T_5.31 ;
; Save base=8 wid=8 in lookaside.
    %ix/load 1, 16, 0;
    %mov 4, 0, 1;
    %jmp/1 T_5.32, 4;
    %load/x1p 16, v00F8B598_0, 8;
    %jmp T_5.33;
T_5.32 ;
    %mov 16, 2, 8;
T_5.33 ;
; Save base=16 wid=8 in lookaside.
    %xor 8, 16, 8;
    %set/v v00F8B800_0, 8, 8;
    %fork TD_testbench.AES.mixcolumns.X2, S_00F27E80;
    %join;
    %load/v  8, v00F8BC78_0, 8;
    %ix/load 1, 8, 0;
    %mov 4, 0, 1;
    %jmp/1 T_5.34, 4;
    %load/x1p 16, v00F8B598_0, 8;
    %jmp T_5.35;
T_5.34 ;
    %mov 16, 2, 8;
T_5.35 ;
; Save base=16 wid=8 in lookaside.
    %load/v 24, v00F8B598_0, 8; Only need 8 of 128 bits
; Save base=24 wid=8 in lookaside.
    %xor 16, 24, 8;
    %ix/load 1, 16, 0;
    %mov 4, 0, 1;
    %jmp/1 T_5.36, 4;
    %load/x1p 24, v00F8B598_0, 8;
    %jmp T_5.37;
T_5.36 ;
    %mov 24, 2, 8;
T_5.37 ;
; Save base=24 wid=8 in lookaside.
    %xor 16, 24, 8;
    %xor 8, 16, 8;
    %ix/load 0, 24, 0;
    %set/x0 v00F8B7A8_0, 8, 8;
    %ix/load 1, 112, 0;
    %mov 4, 0, 1;
    %jmp/1 T_5.38, 4;
    %load/x1p 8, v00F8B598_0, 8;
    %jmp T_5.39;
T_5.38 ;
    %mov 8, 2, 8;
T_5.39 ;
; Save base=8 wid=8 in lookaside.
    %ix/load 1, 104, 0;
    %mov 4, 0, 1;
    %jmp/1 T_5.40, 4;
    %load/x1p 16, v00F8B598_0, 8;
    %jmp T_5.41;
T_5.40 ;
    %mov 16, 2, 8;
T_5.41 ;
; Save base=16 wid=8 in lookaside.
    %xor 8, 16, 8;
    %set/v v00F8B800_0, 8, 8;
    %fork TD_testbench.AES.mixcolumns.X2, S_00F27E80;
    %join;
    %load/v  8, v00F8BC78_0, 8;
    %ix/load 1, 120, 0;
    %mov 4, 0, 1;
    %jmp/1 T_5.42, 4;
    %load/x1p 16, v00F8B598_0, 8;
    %jmp T_5.43;
T_5.42 ;
    %mov 16, 2, 8;
T_5.43 ;
; Save base=16 wid=8 in lookaside.
    %ix/load 1, 104, 0;
    %mov 4, 0, 1;
    %jmp/1 T_5.44, 4;
    %load/x1p 24, v00F8B598_0, 8;
    %jmp T_5.45;
T_5.44 ;
    %mov 24, 2, 8;
T_5.45 ;
; Save base=24 wid=8 in lookaside.
    %xor 16, 24, 8;
    %ix/load 1, 96, 0;
    %mov 4, 0, 1;
    %jmp/1 T_5.46, 4;
    %load/x1p 24, v00F8B598_0, 8;
    %jmp T_5.47;
T_5.46 ;
    %mov 24, 2, 8;
T_5.47 ;
; Save base=24 wid=8 in lookaside.
    %xor 16, 24, 8;
    %xor 8, 16, 8;
    %ix/load 0, 112, 0;
    %set/x0 v00F8B7A8_0, 8, 8;
    %ix/load 1, 80, 0;
    %mov 4, 0, 1;
    %jmp/1 T_5.48, 4;
    %load/x1p 8, v00F8B598_0, 8;
    %jmp T_5.49;
T_5.48 ;
    %mov 8, 2, 8;
T_5.49 ;
; Save base=8 wid=8 in lookaside.
    %ix/load 1, 72, 0;
    %mov 4, 0, 1;
    %jmp/1 T_5.50, 4;
    %load/x1p 16, v00F8B598_0, 8;
    %jmp T_5.51;
T_5.50 ;
    %mov 16, 2, 8;
T_5.51 ;
; Save base=16 wid=8 in lookaside.
    %xor 8, 16, 8;
    %set/v v00F8B800_0, 8, 8;
    %fork TD_testbench.AES.mixcolumns.X2, S_00F27E80;
    %join;
    %load/v  8, v00F8BC78_0, 8;
    %ix/load 1, 88, 0;
    %mov 4, 0, 1;
    %jmp/1 T_5.52, 4;
    %load/x1p 16, v00F8B598_0, 8;
    %jmp T_5.53;
T_5.52 ;
    %mov 16, 2, 8;
T_5.53 ;
; Save base=16 wid=8 in lookaside.
    %ix/load 1, 72, 0;
    %mov 4, 0, 1;
    %jmp/1 T_5.54, 4;
    %load/x1p 24, v00F8B598_0, 8;
    %jmp T_5.55;
T_5.54 ;
    %mov 24, 2, 8;
T_5.55 ;
; Save base=24 wid=8 in lookaside.
    %xor 16, 24, 8;
    %ix/load 1, 64, 0;
    %mov 4, 0, 1;
    %jmp/1 T_5.56, 4;
    %load/x1p 24, v00F8B598_0, 8;
    %jmp T_5.57;
T_5.56 ;
    %mov 24, 2, 8;
T_5.57 ;
; Save base=24 wid=8 in lookaside.
    %xor 16, 24, 8;
    %xor 8, 16, 8;
    %ix/load 0, 80, 0;
    %set/x0 v00F8B7A8_0, 8, 8;
    %ix/load 1, 48, 0;
    %mov 4, 0, 1;
    %jmp/1 T_5.58, 4;
    %load/x1p 8, v00F8B598_0, 8;
    %jmp T_5.59;
T_5.58 ;
    %mov 8, 2, 8;
T_5.59 ;
; Save base=8 wid=8 in lookaside.
    %ix/load 1, 40, 0;
    %mov 4, 0, 1;
    %jmp/1 T_5.60, 4;
    %load/x1p 16, v00F8B598_0, 8;
    %jmp T_5.61;
T_5.60 ;
    %mov 16, 2, 8;
T_5.61 ;
; Save base=16 wid=8 in lookaside.
    %xor 8, 16, 8;
    %set/v v00F8B800_0, 8, 8;
    %fork TD_testbench.AES.mixcolumns.X2, S_00F27E80;
    %join;
    %load/v  8, v00F8BC78_0, 8;
    %ix/load 1, 56, 0;
    %mov 4, 0, 1;
    %jmp/1 T_5.62, 4;
    %load/x1p 16, v00F8B598_0, 8;
    %jmp T_5.63;
T_5.62 ;
    %mov 16, 2, 8;
T_5.63 ;
; Save base=16 wid=8 in lookaside.
    %ix/load 1, 40, 0;
    %mov 4, 0, 1;
    %jmp/1 T_5.64, 4;
    %load/x1p 24, v00F8B598_0, 8;
    %jmp T_5.65;
T_5.64 ;
    %mov 24, 2, 8;
T_5.65 ;
; Save base=24 wid=8 in lookaside.
    %xor 16, 24, 8;
    %ix/load 1, 32, 0;
    %mov 4, 0, 1;
    %jmp/1 T_5.66, 4;
    %load/x1p 24, v00F8B598_0, 8;
    %jmp T_5.67;
T_5.66 ;
    %mov 24, 2, 8;
T_5.67 ;
; Save base=24 wid=8 in lookaside.
    %xor 16, 24, 8;
    %xor 8, 16, 8;
    %ix/load 0, 48, 0;
    %set/x0 v00F8B7A8_0, 8, 8;
    %ix/load 1, 16, 0;
    %mov 4, 0, 1;
    %jmp/1 T_5.68, 4;
    %load/x1p 8, v00F8B598_0, 8;
    %jmp T_5.69;
T_5.68 ;
    %mov 8, 2, 8;
T_5.69 ;
; Save base=8 wid=8 in lookaside.
    %ix/load 1, 8, 0;
    %mov 4, 0, 1;
    %jmp/1 T_5.70, 4;
    %load/x1p 16, v00F8B598_0, 8;
    %jmp T_5.71;
T_5.70 ;
    %mov 16, 2, 8;
T_5.71 ;
; Save base=16 wid=8 in lookaside.
    %xor 8, 16, 8;
    %set/v v00F8B800_0, 8, 8;
    %fork TD_testbench.AES.mixcolumns.X2, S_00F27E80;
    %join;
    %load/v  8, v00F8BC78_0, 8;
    %ix/load 1, 24, 0;
    %mov 4, 0, 1;
    %jmp/1 T_5.72, 4;
    %load/x1p 16, v00F8B598_0, 8;
    %jmp T_5.73;
T_5.72 ;
    %mov 16, 2, 8;
T_5.73 ;
; Save base=16 wid=8 in lookaside.
    %ix/load 1, 8, 0;
    %mov 4, 0, 1;
    %jmp/1 T_5.74, 4;
    %load/x1p 24, v00F8B598_0, 8;
    %jmp T_5.75;
T_5.74 ;
    %mov 24, 2, 8;
T_5.75 ;
; Save base=24 wid=8 in lookaside.
    %xor 16, 24, 8;
    %load/v 24, v00F8B598_0, 8; Only need 8 of 128 bits
; Save base=24 wid=8 in lookaside.
    %xor 16, 24, 8;
    %xor 8, 16, 8;
    %ix/load 0, 16, 0;
    %set/x0 v00F8B7A8_0, 8, 8;
    %ix/load 1, 104, 0;
    %mov 4, 0, 1;
    %jmp/1 T_5.76, 4;
    %load/x1p 8, v00F8B598_0, 8;
    %jmp T_5.77;
T_5.76 ;
    %mov 8, 2, 8;
T_5.77 ;
; Save base=8 wid=8 in lookaside.
    %ix/load 1, 96, 0;
    %mov 4, 0, 1;
    %jmp/1 T_5.78, 4;
    %load/x1p 16, v00F8B598_0, 8;
    %jmp T_5.79;
T_5.78 ;
    %mov 16, 2, 8;
T_5.79 ;
; Save base=16 wid=8 in lookaside.
    %xor 8, 16, 8;
    %set/v v00F8B800_0, 8, 8;
    %fork TD_testbench.AES.mixcolumns.X2, S_00F27E80;
    %join;
    %load/v  8, v00F8BC78_0, 8;
    %ix/load 1, 120, 0;
    %mov 4, 0, 1;
    %jmp/1 T_5.80, 4;
    %load/x1p 16, v00F8B598_0, 8;
    %jmp T_5.81;
T_5.80 ;
    %mov 16, 2, 8;
T_5.81 ;
; Save base=16 wid=8 in lookaside.
    %ix/load 1, 112, 0;
    %mov 4, 0, 1;
    %jmp/1 T_5.82, 4;
    %load/x1p 24, v00F8B598_0, 8;
    %jmp T_5.83;
T_5.82 ;
    %mov 24, 2, 8;
T_5.83 ;
; Save base=24 wid=8 in lookaside.
    %xor 16, 24, 8;
    %ix/load 1, 96, 0;
    %mov 4, 0, 1;
    %jmp/1 T_5.84, 4;
    %load/x1p 24, v00F8B598_0, 8;
    %jmp T_5.85;
T_5.84 ;
    %mov 24, 2, 8;
T_5.85 ;
; Save base=24 wid=8 in lookaside.
    %xor 16, 24, 8;
    %xor 8, 16, 8;
    %ix/load 0, 104, 0;
    %set/x0 v00F8B7A8_0, 8, 8;
    %ix/load 1, 72, 0;
    %mov 4, 0, 1;
    %jmp/1 T_5.86, 4;
    %load/x1p 8, v00F8B598_0, 8;
    %jmp T_5.87;
T_5.86 ;
    %mov 8, 2, 8;
T_5.87 ;
; Save base=8 wid=8 in lookaside.
    %ix/load 1, 64, 0;
    %mov 4, 0, 1;
    %jmp/1 T_5.88, 4;
    %load/x1p 16, v00F8B598_0, 8;
    %jmp T_5.89;
T_5.88 ;
    %mov 16, 2, 8;
T_5.89 ;
; Save base=16 wid=8 in lookaside.
    %xor 8, 16, 8;
    %set/v v00F8B800_0, 8, 8;
    %fork TD_testbench.AES.mixcolumns.X2, S_00F27E80;
    %join;
    %load/v  8, v00F8BC78_0, 8;
    %ix/load 1, 88, 0;
    %mov 4, 0, 1;
    %jmp/1 T_5.90, 4;
    %load/x1p 16, v00F8B598_0, 8;
    %jmp T_5.91;
T_5.90 ;
    %mov 16, 2, 8;
T_5.91 ;
; Save base=16 wid=8 in lookaside.
    %ix/load 1, 80, 0;
    %mov 4, 0, 1;
    %jmp/1 T_5.92, 4;
    %load/x1p 24, v00F8B598_0, 8;
    %jmp T_5.93;
T_5.92 ;
    %mov 24, 2, 8;
T_5.93 ;
; Save base=24 wid=8 in lookaside.
    %xor 16, 24, 8;
    %ix/load 1, 64, 0;
    %mov 4, 0, 1;
    %jmp/1 T_5.94, 4;
    %load/x1p 24, v00F8B598_0, 8;
    %jmp T_5.95;
T_5.94 ;
    %mov 24, 2, 8;
T_5.95 ;
; Save base=24 wid=8 in lookaside.
    %xor 16, 24, 8;
    %xor 8, 16, 8;
    %ix/load 0, 72, 0;
    %set/x0 v00F8B7A8_0, 8, 8;
    %ix/load 1, 40, 0;
    %mov 4, 0, 1;
    %jmp/1 T_5.96, 4;
    %load/x1p 8, v00F8B598_0, 8;
    %jmp T_5.97;
T_5.96 ;
    %mov 8, 2, 8;
T_5.97 ;
; Save base=8 wid=8 in lookaside.
    %ix/load 1, 32, 0;
    %mov 4, 0, 1;
    %jmp/1 T_5.98, 4;
    %load/x1p 16, v00F8B598_0, 8;
    %jmp T_5.99;
T_5.98 ;
    %mov 16, 2, 8;
T_5.99 ;
; Save base=16 wid=8 in lookaside.
    %xor 8, 16, 8;
    %set/v v00F8B800_0, 8, 8;
    %fork TD_testbench.AES.mixcolumns.X2, S_00F27E80;
    %join;
    %load/v  8, v00F8BC78_0, 8;
    %ix/load 1, 56, 0;
    %mov 4, 0, 1;
    %jmp/1 T_5.100, 4;
    %load/x1p 16, v00F8B598_0, 8;
    %jmp T_5.101;
T_5.100 ;
    %mov 16, 2, 8;
T_5.101 ;
; Save base=16 wid=8 in lookaside.
    %ix/load 1, 48, 0;
    %mov 4, 0, 1;
    %jmp/1 T_5.102, 4;
    %load/x1p 24, v00F8B598_0, 8;
    %jmp T_5.103;
T_5.102 ;
    %mov 24, 2, 8;
T_5.103 ;
; Save base=24 wid=8 in lookaside.
    %xor 16, 24, 8;
    %ix/load 1, 32, 0;
    %mov 4, 0, 1;
    %jmp/1 T_5.104, 4;
    %load/x1p 24, v00F8B598_0, 8;
    %jmp T_5.105;
T_5.104 ;
    %mov 24, 2, 8;
T_5.105 ;
; Save base=24 wid=8 in lookaside.
    %xor 16, 24, 8;
    %xor 8, 16, 8;
    %ix/load 0, 40, 0;
    %set/x0 v00F8B7A8_0, 8, 8;
    %ix/load 1, 8, 0;
    %mov 4, 0, 1;
    %jmp/1 T_5.106, 4;
    %load/x1p 8, v00F8B598_0, 8;
    %jmp T_5.107;
T_5.106 ;
    %mov 8, 2, 8;
T_5.107 ;
; Save base=8 wid=8 in lookaside.
    %load/v 16, v00F8B598_0, 8; Only need 8 of 128 bits
; Save base=16 wid=8 in lookaside.
    %xor 8, 16, 8;
    %set/v v00F8B800_0, 8, 8;
    %fork TD_testbench.AES.mixcolumns.X2, S_00F27E80;
    %join;
    %load/v  8, v00F8BC78_0, 8;
    %ix/load 1, 24, 0;
    %mov 4, 0, 1;
    %jmp/1 T_5.108, 4;
    %load/x1p 16, v00F8B598_0, 8;
    %jmp T_5.109;
T_5.108 ;
    %mov 16, 2, 8;
T_5.109 ;
; Save base=16 wid=8 in lookaside.
    %ix/load 1, 16, 0;
    %mov 4, 0, 1;
    %jmp/1 T_5.110, 4;
    %load/x1p 24, v00F8B598_0, 8;
    %jmp T_5.111;
T_5.110 ;
    %mov 24, 2, 8;
T_5.111 ;
; Save base=24 wid=8 in lookaside.
    %xor 16, 24, 8;
    %load/v 24, v00F8B598_0, 8; Only need 8 of 128 bits
; Save base=24 wid=8 in lookaside.
    %xor 16, 24, 8;
    %xor 8, 16, 8;
    %ix/load 0, 8, 0;
    %set/x0 v00F8B7A8_0, 8, 8;
    %ix/load 1, 120, 0;
    %mov 4, 0, 1;
    %jmp/1 T_5.112, 4;
    %load/x1p 8, v00F8B598_0, 8;
    %jmp T_5.113;
T_5.112 ;
    %mov 8, 2, 8;
T_5.113 ;
; Save base=8 wid=8 in lookaside.
    %ix/load 1, 96, 0;
    %mov 4, 0, 1;
    %jmp/1 T_5.114, 4;
    %load/x1p 16, v00F8B598_0, 8;
    %jmp T_5.115;
T_5.114 ;
    %mov 16, 2, 8;
T_5.115 ;
; Save base=16 wid=8 in lookaside.
    %xor 8, 16, 8;
    %set/v v00F8B800_0, 8, 8;
    %fork TD_testbench.AES.mixcolumns.X2, S_00F27E80;
    %join;
    %load/v  8, v00F8BC78_0, 8;
    %ix/load 1, 120, 0;
    %mov 4, 0, 1;
    %jmp/1 T_5.116, 4;
    %load/x1p 16, v00F8B598_0, 8;
    %jmp T_5.117;
T_5.116 ;
    %mov 16, 2, 8;
T_5.117 ;
; Save base=16 wid=8 in lookaside.
    %ix/load 1, 112, 0;
    %mov 4, 0, 1;
    %jmp/1 T_5.118, 4;
    %load/x1p 24, v00F8B598_0, 8;
    %jmp T_5.119;
T_5.118 ;
    %mov 24, 2, 8;
T_5.119 ;
; Save base=24 wid=8 in lookaside.
    %xor 16, 24, 8;
    %ix/load 1, 104, 0;
    %mov 4, 0, 1;
    %jmp/1 T_5.120, 4;
    %load/x1p 24, v00F8B598_0, 8;
    %jmp T_5.121;
T_5.120 ;
    %mov 24, 2, 8;
T_5.121 ;
; Save base=24 wid=8 in lookaside.
    %xor 16, 24, 8;
    %xor 8, 16, 8;
    %ix/load 0, 96, 0;
    %set/x0 v00F8B7A8_0, 8, 8;
    %ix/load 1, 88, 0;
    %mov 4, 0, 1;
    %jmp/1 T_5.122, 4;
    %load/x1p 8, v00F8B598_0, 8;
    %jmp T_5.123;
T_5.122 ;
    %mov 8, 2, 8;
T_5.123 ;
; Save base=8 wid=8 in lookaside.
    %ix/load 1, 64, 0;
    %mov 4, 0, 1;
    %jmp/1 T_5.124, 4;
    %load/x1p 16, v00F8B598_0, 8;
    %jmp T_5.125;
T_5.124 ;
    %mov 16, 2, 8;
T_5.125 ;
; Save base=16 wid=8 in lookaside.
    %xor 8, 16, 8;
    %set/v v00F8B800_0, 8, 8;
    %fork TD_testbench.AES.mixcolumns.X2, S_00F27E80;
    %join;
    %load/v  8, v00F8BC78_0, 8;
    %ix/load 1, 88, 0;
    %mov 4, 0, 1;
    %jmp/1 T_5.126, 4;
    %load/x1p 16, v00F8B598_0, 8;
    %jmp T_5.127;
T_5.126 ;
    %mov 16, 2, 8;
T_5.127 ;
; Save base=16 wid=8 in lookaside.
    %ix/load 1, 80, 0;
    %mov 4, 0, 1;
    %jmp/1 T_5.128, 4;
    %load/x1p 24, v00F8B598_0, 8;
    %jmp T_5.129;
T_5.128 ;
    %mov 24, 2, 8;
T_5.129 ;
; Save base=24 wid=8 in lookaside.
    %xor 16, 24, 8;
    %ix/load 1, 72, 0;
    %mov 4, 0, 1;
    %jmp/1 T_5.130, 4;
    %load/x1p 24, v00F8B598_0, 8;
    %jmp T_5.131;
T_5.130 ;
    %mov 24, 2, 8;
T_5.131 ;
; Save base=24 wid=8 in lookaside.
    %xor 16, 24, 8;
    %xor 8, 16, 8;
    %ix/load 0, 64, 0;
    %set/x0 v00F8B7A8_0, 8, 8;
    %ix/load 1, 56, 0;
    %mov 4, 0, 1;
    %jmp/1 T_5.132, 4;
    %load/x1p 8, v00F8B598_0, 8;
    %jmp T_5.133;
T_5.132 ;
    %mov 8, 2, 8;
T_5.133 ;
; Save base=8 wid=8 in lookaside.
    %ix/load 1, 32, 0;
    %mov 4, 0, 1;
    %jmp/1 T_5.134, 4;
    %load/x1p 16, v00F8B598_0, 8;
    %jmp T_5.135;
T_5.134 ;
    %mov 16, 2, 8;
T_5.135 ;
; Save base=16 wid=8 in lookaside.
    %xor 8, 16, 8;
    %set/v v00F8B800_0, 8, 8;
    %fork TD_testbench.AES.mixcolumns.X2, S_00F27E80;
    %join;
    %load/v  8, v00F8BC78_0, 8;
    %ix/load 1, 56, 0;
    %mov 4, 0, 1;
    %jmp/1 T_5.136, 4;
    %load/x1p 16, v00F8B598_0, 8;
    %jmp T_5.137;
T_5.136 ;
    %mov 16, 2, 8;
T_5.137 ;
; Save base=16 wid=8 in lookaside.
    %ix/load 1, 48, 0;
    %mov 4, 0, 1;
    %jmp/1 T_5.138, 4;
    %load/x1p 24, v00F8B598_0, 8;
    %jmp T_5.139;
T_5.138 ;
    %mov 24, 2, 8;
T_5.139 ;
; Save base=24 wid=8 in lookaside.
    %xor 16, 24, 8;
    %ix/load 1, 40, 0;
    %mov 4, 0, 1;
    %jmp/1 T_5.140, 4;
    %load/x1p 24, v00F8B598_0, 8;
    %jmp T_5.141;
T_5.140 ;
    %mov 24, 2, 8;
T_5.141 ;
; Save base=24 wid=8 in lookaside.
    %xor 16, 24, 8;
    %xor 8, 16, 8;
    %ix/load 0, 32, 0;
    %set/x0 v00F8B7A8_0, 8, 8;
    %ix/load 1, 24, 0;
    %mov 4, 0, 1;
    %jmp/1 T_5.142, 4;
    %load/x1p 8, v00F8B598_0, 8;
    %jmp T_5.143;
T_5.142 ;
    %mov 8, 2, 8;
T_5.143 ;
; Save base=8 wid=8 in lookaside.
    %load/v 16, v00F8B598_0, 8; Only need 8 of 128 bits
; Save base=16 wid=8 in lookaside.
    %xor 8, 16, 8;
    %set/v v00F8B800_0, 8, 8;
    %fork TD_testbench.AES.mixcolumns.X2, S_00F27E80;
    %join;
    %load/v  8, v00F8BC78_0, 8;
    %ix/load 1, 24, 0;
    %mov 4, 0, 1;
    %jmp/1 T_5.144, 4;
    %load/x1p 16, v00F8B598_0, 8;
    %jmp T_5.145;
T_5.144 ;
    %mov 16, 2, 8;
T_5.145 ;
; Save base=16 wid=8 in lookaside.
    %ix/load 1, 16, 0;
    %mov 4, 0, 1;
    %jmp/1 T_5.146, 4;
    %load/x1p 24, v00F8B598_0, 8;
    %jmp T_5.147;
T_5.146 ;
    %mov 24, 2, 8;
T_5.147 ;
; Save base=24 wid=8 in lookaside.
    %xor 16, 24, 8;
    %ix/load 1, 8, 0;
    %mov 4, 0, 1;
    %jmp/1 T_5.148, 4;
    %load/x1p 24, v00F8B598_0, 8;
    %jmp T_5.149;
T_5.148 ;
    %mov 24, 2, 8;
T_5.149 ;
; Save base=24 wid=8 in lookaside.
    %xor 16, 24, 8;
    %xor 8, 16, 8;
    %ix/load 0, 0, 0;
    %set/x0 v00F8B7A8_0, 8, 8;
    %jmp T_5;
    .thread T_5, $push;
    .scope S_00F285F0;
T_6 ;
    %wait E_00F57338;
    %load/v 8, v00F8AE38_0, 128;
    %load/v 136, v00F8B750_0, 128;
    %xor 8, 136, 128;
    %set/v v00F8BD28_0, 8, 128;
    %jmp T_6;
    .thread T_6, $push;
    .scope S_00F27B50;
T_7 ;
    %wait E_00F572F8;
    %load/v 8, v00F8ADE0_0, 1;
    %inv 8, 1;
    %load/v 9, v00F8B3B8_0, 4;
    %cmpi/u 9, 10, 4;
    %or 8, 4, 1;
    %jmp/0xz  T_7.0, 8;
    %ix/load 0, 4, 0;
    %assign/v0 v00F8B3B8_0, 0, 0;
    %jmp T_7.1;
T_7.0 ;
    %ix/load 0, 1, 0;
    %load/vp0 8, v00F8B3B8_0, 4;
    %ix/load 0, 4, 0;
    %assign/v0 v00F8B3B8_0, 0, 8;
T_7.1 ;
    %jmp T_7;
    .thread T_7;
    .scope S_00F27B50;
T_8 ;
    %wait E_00F573B8;
    %load/v 8, v00F8B3B8_0, 4;
    %cmpi/u 8, 0, 4;
    %inv 4, 1;
    %jmp/0xz  T_8.0, 4;
    %load/v 8, v00F8B258_0, 8;
    %ix/load 0, 1, 0;
    %mov 4, 0, 1;
    %shiftl/i0  8, 8;
    %load/v 16, v00F8B258_0, 8;
    %ix/load 0, 7, 0;
    %mov 4, 0, 1;
    %shiftr/i0  16, 8;
    %inv 16, 8;
    %addi 16, 1, 8;
   %andi 16, 27, 8;
    %xor 8, 16, 8;
    %ix/load 0, 8, 0;
    %assign/v0 v00F8B258_0, 0, 8;
    %jmp T_8.1;
T_8.0 ;
    %movi 8, 1, 8;
    %ix/load 0, 8, 0;
    %assign/v0 v00F8B258_0, 0, 8;
T_8.1 ;
    %jmp T_8;
    .thread T_8;
    .scope S_00F27B50;
T_9 ;
    %wait E_00F573B8;
    %load/v 8, v00F8B3B8_0, 4;
    %cmpi/u 8, 0, 4;
    %jmp/0xz  T_9.0, 4;
    %ix/load 1, 96, 0;
    %mov 4, 0, 1;
    %jmp/1 T_9.2, 4;
    %load/x1p 8, v00F8B410_0, 32;
    %jmp T_9.3;
T_9.2 ;
    %mov 8, 2, 32;
T_9.3 ;
; Save base=8 wid=32 in lookaside.
    %ix/load 0, 32, 0;
    %assign/v0 v00F8AF40_0, 0, 8;
    %ix/load 1, 64, 0;
    %mov 4, 0, 1;
    %jmp/1 T_9.4, 4;
    %load/x1p 8, v00F8B410_0, 32;
    %jmp T_9.5;
T_9.4 ;
    %mov 8, 2, 32;
T_9.5 ;
; Save base=8 wid=32 in lookaside.
    %ix/load 0, 32, 0;
    %assign/v0 v00F8B308_0, 0, 8;
    %ix/load 1, 32, 0;
    %mov 4, 0, 1;
    %jmp/1 T_9.6, 4;
    %load/x1p 8, v00F8B410_0, 32;
    %jmp T_9.7;
T_9.6 ;
    %mov 8, 2, 32;
T_9.7 ;
; Save base=8 wid=32 in lookaside.
    %ix/load 0, 32, 0;
    %assign/v0 v00F8B4C0_0, 0, 8;
    %load/v 8, v00F8B410_0, 32; Only need 32 of 128 bits
; Save base=8 wid=32 in lookaside.
    %ix/load 0, 32, 0;
    %assign/v0 v00F8AF98_0, 0, 8;
    %jmp T_9.1;
T_9.0 ;
    %ix/load 1, 96, 0;
    %mov 4, 0, 1;
    %jmp/1 T_9.8, 4;
    %load/x1p 8, v00F8B468_0, 32;
    %jmp T_9.9;
T_9.8 ;
    %mov 8, 2, 32;
T_9.9 ;
; Save base=8 wid=32 in lookaside.
    %ix/load 0, 32, 0;
    %assign/v0 v00F8AF40_0, 0, 8;
    %ix/load 1, 64, 0;
    %mov 4, 0, 1;
    %jmp/1 T_9.10, 4;
    %load/x1p 8, v00F8B468_0, 32;
    %jmp T_9.11;
T_9.10 ;
    %mov 8, 2, 32;
T_9.11 ;
; Save base=8 wid=32 in lookaside.
    %ix/load 0, 32, 0;
    %assign/v0 v00F8B308_0, 0, 8;
    %ix/load 1, 32, 0;
    %mov 4, 0, 1;
    %jmp/1 T_9.12, 4;
    %load/x1p 8, v00F8B468_0, 32;
    %jmp T_9.13;
T_9.12 ;
    %mov 8, 2, 32;
T_9.13 ;
; Save base=8 wid=32 in lookaside.
    %ix/load 0, 32, 0;
    %assign/v0 v00F8B4C0_0, 0, 8;
    %load/v 8, v00F8B468_0, 32; Only need 32 of 128 bits
; Save base=8 wid=32 in lookaside.
    %ix/load 0, 32, 0;
    %assign/v0 v00F8AF98_0, 0, 8;
T_9.1 ;
    %jmp T_9;
    .thread T_9;
    .scope S_00F27B50;
T_10 ;
    %wait E_00F57298;
    %load/v 8, v00F8AF40_0, 32;
    %ix/load 1, 24, 0;
    %mov 4, 0, 1;
    %jmp/1 T_10.0, 4;
    %load/x1p 72, v00F8B360_0, 8;
    %jmp T_10.1;
T_10.0 ;
    %mov 72, 2, 8;
T_10.1 ;
    %mov 40, 72, 8; Move signal select into place
    %load/v 48, v00F8B360_0, 8; Select 8 out of 32 bits
    %ix/load 1, 8, 0;
    %mov 4, 0, 1;
    %jmp/1 T_10.2, 4;
    %load/x1p 72, v00F8B360_0, 8;
    %jmp T_10.3;
T_10.2 ;
    %mov 72, 2, 8;
T_10.3 ;
    %mov 56, 72, 8; Move signal select into place
    %ix/load 1, 16, 0;
    %mov 4, 0, 1;
    %jmp/1 T_10.4, 4;
    %load/x1p 72, v00F8B360_0, 8;
    %jmp T_10.5;
T_10.4 ;
    %mov 72, 2, 8;
T_10.5 ;
    %mov 64, 72, 8; Move signal select into place
    %xor 8, 40, 32;
    %mov 40, 0, 24;
    %load/v 64, v00F8B258_0, 8;
    %xor 8, 40, 32;
    %ix/load 0, 96, 0;
    %set/x0 v00F8B468_0, 8, 32;
    %load/v 8, v00F8B308_0, 32;
    %ix/load 1, 96, 0;
    %mov 4, 0, 1;
    %jmp/1 T_10.6, 4;
    %load/x1p 40, v00F8B468_0, 32;
    %jmp T_10.7;
T_10.6 ;
    %mov 40, 2, 32;
T_10.7 ;
; Save base=40 wid=32 in lookaside.
    %xor 8, 40, 32;
    %ix/load 0, 64, 0;
    %set/x0 v00F8B468_0, 8, 32;
    %load/v 8, v00F8B4C0_0, 32;
    %ix/load 1, 64, 0;
    %mov 4, 0, 1;
    %jmp/1 T_10.8, 4;
    %load/x1p 40, v00F8B468_0, 32;
    %jmp T_10.9;
T_10.8 ;
    %mov 40, 2, 32;
T_10.9 ;
; Save base=40 wid=32 in lookaside.
    %xor 8, 40, 32;
    %ix/load 0, 32, 0;
    %set/x0 v00F8B468_0, 8, 32;
    %load/v 8, v00F8AF98_0, 32;
    %ix/load 1, 32, 0;
    %mov 4, 0, 1;
    %jmp/1 T_10.10, 4;
    %load/x1p 40, v00F8B468_0, 32;
    %jmp T_10.11;
T_10.10 ;
    %mov 40, 2, 32;
T_10.11 ;
; Save base=40 wid=32 in lookaside.
    %xor 8, 40, 32;
    %ix/load 0, 0, 0;
    %set/x0 v00F8B468_0, 8, 32;
    %jmp T_10;
    .thread T_10, $push;
    .scope S_00F27CE8;
T_11 ;
    %wait E_00F572F8;
    %load/v 8, v00F8B200_0, 1;
    %inv 8, 1;
    %jmp/0xz  T_11.0, 8;
    %ix/load 0, 2, 0;
    %assign/v0 v00F8B150_0, 0, 0;
    %ix/load 0, 4, 0;
    %assign/v0 v00F8B2B0_0, 0, 0;
    %jmp T_11.1;
T_11.0 ;
    %load/v 8, v00F8B0F8_0, 2;
    %ix/load 0, 2, 0;
    %assign/v0 v00F8B150_0, 0, 8;
    %load/v 8, v00F8B0F8_0, 2;
    %mov 10, 0, 1;
    %cmpi/u 8, 0, 3;
    %jmp/0xz  T_11.2, 4;
    %ix/load 0, 4, 0;
    %assign/v0 v00F8B2B0_0, 0, 0;
    %jmp T_11.3;
T_11.2 ;
    %ix/load 0, 1, 0;
    %load/vp0 8, v00F8B2B0_0, 4;
    %ix/load 0, 4, 0;
    %assign/v0 v00F8B2B0_0, 0, 8;
T_11.3 ;
T_11.1 ;
    %jmp T_11;
    .thread T_11;
    .scope S_00F27CE8;
T_12 ;
    %wait E_00F571B8;
    %load/v 8, v00F8B150_0, 2;
    %cmpi/u 8, 0, 2;
    %jmp/1 T_12.0, 6;
    %cmpi/u 8, 1, 2;
    %jmp/1 T_12.1, 6;
    %cmpi/u 8, 2, 2;
    %jmp/1 T_12.2, 6;
    %set/v v00F8AFF0_0, 2, 1;
    %set/v v00F8AEE8_0, 2, 1;
    %set/v v00F8AE90_0, 2, 1;
    %set/v v00F8AD88_0, 2, 1;
    %set/v v00F8B0F8_0, 2, 2;
    %jmp T_12.4;
T_12.0 ;
    %set/v v00F8AFF0_0, 1, 1;
    %set/v v00F8AEE8_0, 0, 1;
    %set/v v00F8AE90_0, 2, 1;
    %set/v v00F8AD88_0, 0, 1;
    %movi 8, 1, 2;
    %set/v v00F8B0F8_0, 8, 2;
    %jmp T_12.4;
T_12.1 ;
    %set/v v00F8AFF0_0, 0, 1;
    %set/v v00F8AEE8_0, 1, 1;
    %set/v v00F8AE90_0, 1, 1;
    %set/v v00F8AD88_0, 0, 1;
    %load/v 8, v00F8B2B0_0, 4;
    %cmpi/u 8, 9, 4;
    %mov 8, 4, 1;
    %jmp/0  T_12.5, 8;
    %movi 9, 2, 2;
    %jmp/1  T_12.7, 8;
T_12.5 ; End of true expr.
    %movi 11, 1, 2;
    %jmp/0  T_12.6, 8;
 ; End of false expr.
    %blend  9, 11, 2; Condition unknown.
    %jmp  T_12.7;
T_12.6 ;
    %mov 9, 11, 2; Return false value
T_12.7 ;
    %set/v v00F8B0F8_0, 9, 2;
    %jmp T_12.4;
T_12.2 ;
    %set/v v00F8AFF0_0, 0, 1;
    %set/v v00F8AEE8_0, 2, 1;
    %set/v v00F8AE90_0, 0, 1;
    %set/v v00F8AD88_0, 1, 1;
    %set/v v00F8B0F8_0, 0, 2;
    %jmp T_12.4;
T_12.4 ;
    %jmp T_12;
    .thread T_12, $push;
    .scope S_00F27AC8;
T_13 ;
    %wait E_00F57178;
    %ix/getv 3, v00F3E380_0;
    %load/av 8, v0108DD18, 128;
    %ix/load 0, 128, 0;
    %assign/v0 v00F8B1A8_0, 0, 8;
    %ix/load 3, 0, 0;
    %mov 4, 0, 1;
    %load/av 8, v01083BC8, 128;
    %ix/load 0, 128, 0;
    %assign/v0 v0108DDC8_0, 0, 8;
    %jmp T_13;
    .thread T_13;
    .scope S_00F28458;
T_14 ;
    %wait E_00F573B8;
    %load/v 8, v01083B18_0, 1;
    %jmp/0xz  T_14.0, 8;
    %load/v 8, v00F50380_0, 128;
    %ix/load 0, 128, 0;
    %assign/v0 v00F503D8_0, 0, 8;
    %load/v 8, v00F50380_0, 128;
    %ix/getv 3, v01083B70_0;
    %jmp/1 t_0, 4;
    %ix/load 0, 128, 0; word width
    %ix/load 1, 0, 0; part off
    %assign/av v0108AF80, 0, 8;
t_0 ;
    %jmp T_14.1;
T_14.0 ;
    %ix/load 0, 128, 0;
    %assign/v0 v00F503D8_0, 0, 3;
T_14.1 ;
    %jmp T_14;
    .thread T_14;
    .scope S_00F27DF8;
T_15 ;
    %wait E_00F57178;
    %load/v 136, v0108AED0_0, 8; Only need 8 of 128 bits
; Save base=136 wid=8 in lookaside.
    %ix/get 3, 136, 8;
    %load/av 8, v0108ACA0, 8;
    %ix/load 1, 8, 0;
    %mov 4, 0, 1;
    %jmp/1 T_15.0, 4;
    %load/x1p 136, v0108AED0_0, 8;
    %jmp T_15.1;
T_15.0 ;
    %mov 136, 2, 8;
T_15.1 ;
; Save base=136 wid=8 in lookaside.
    %ix/get 3, 136, 8;
    %load/av 16, v0108ACA0, 8;
    %ix/load 1, 16, 0;
    %mov 4, 0, 1;
    %jmp/1 T_15.2, 4;
    %load/x1p 136, v0108AED0_0, 8;
    %jmp T_15.3;
T_15.2 ;
    %mov 136, 2, 8;
T_15.3 ;
; Save base=136 wid=8 in lookaside.
    %ix/get 3, 136, 8;
    %load/av 24, v0108ACA0, 8;
    %ix/load 1, 24, 0;
    %mov 4, 0, 1;
    %jmp/1 T_15.4, 4;
    %load/x1p 136, v0108AED0_0, 8;
    %jmp T_15.5;
T_15.4 ;
    %mov 136, 2, 8;
T_15.5 ;
; Save base=136 wid=8 in lookaside.
    %ix/get 3, 136, 8;
    %load/av 32, v0108ACA0, 8;
    %ix/load 1, 32, 0;
    %mov 4, 0, 1;
    %jmp/1 T_15.6, 4;
    %load/x1p 136, v0108AED0_0, 8;
    %jmp T_15.7;
T_15.6 ;
    %mov 136, 2, 8;
T_15.7 ;
; Save base=136 wid=8 in lookaside.
    %ix/get 3, 136, 8;
    %load/av 40, v0108ACA0, 8;
    %ix/load 1, 40, 0;
    %mov 4, 0, 1;
    %jmp/1 T_15.8, 4;
    %load/x1p 136, v0108AED0_0, 8;
    %jmp T_15.9;
T_15.8 ;
    %mov 136, 2, 8;
T_15.9 ;
; Save base=136 wid=8 in lookaside.
    %ix/get 3, 136, 8;
    %load/av 48, v0108ACA0, 8;
    %ix/load 1, 48, 0;
    %mov 4, 0, 1;
    %jmp/1 T_15.10, 4;
    %load/x1p 136, v0108AED0_0, 8;
    %jmp T_15.11;
T_15.10 ;
    %mov 136, 2, 8;
T_15.11 ;
; Save base=136 wid=8 in lookaside.
    %ix/get 3, 136, 8;
    %load/av 56, v0108ACA0, 8;
    %ix/load 1, 56, 0;
    %mov 4, 0, 1;
    %jmp/1 T_15.12, 4;
    %load/x1p 136, v0108AED0_0, 8;
    %jmp T_15.13;
T_15.12 ;
    %mov 136, 2, 8;
T_15.13 ;
; Save base=136 wid=8 in lookaside.
    %ix/get 3, 136, 8;
    %load/av 64, v0108ACA0, 8;
    %ix/load 1, 64, 0;
    %mov 4, 0, 1;
    %jmp/1 T_15.14, 4;
    %load/x1p 136, v0108AED0_0, 8;
    %jmp T_15.15;
T_15.14 ;
    %mov 136, 2, 8;
T_15.15 ;
; Save base=136 wid=8 in lookaside.
    %ix/get 3, 136, 8;
    %load/av 72, v0108ACA0, 8;
    %ix/load 1, 72, 0;
    %mov 4, 0, 1;
    %jmp/1 T_15.16, 4;
    %load/x1p 136, v0108AED0_0, 8;
    %jmp T_15.17;
T_15.16 ;
    %mov 136, 2, 8;
T_15.17 ;
; Save base=136 wid=8 in lookaside.
    %ix/get 3, 136, 8;
    %load/av 80, v0108ACA0, 8;
    %ix/load 1, 80, 0;
    %mov 4, 0, 1;
    %jmp/1 T_15.18, 4;
    %load/x1p 136, v0108AED0_0, 8;
    %jmp T_15.19;
T_15.18 ;
    %mov 136, 2, 8;
T_15.19 ;
; Save base=136 wid=8 in lookaside.
    %ix/get 3, 136, 8;
    %load/av 88, v0108ACA0, 8;
    %ix/load 1, 88, 0;
    %mov 4, 0, 1;
    %jmp/1 T_15.20, 4;
    %load/x1p 136, v0108AED0_0, 8;
    %jmp T_15.21;
T_15.20 ;
    %mov 136, 2, 8;
T_15.21 ;
; Save base=136 wid=8 in lookaside.
    %ix/get 3, 136, 8;
    %load/av 96, v0108ACA0, 8;
    %ix/load 1, 96, 0;
    %mov 4, 0, 1;
    %jmp/1 T_15.22, 4;
    %load/x1p 136, v0108AED0_0, 8;
    %jmp T_15.23;
T_15.22 ;
    %mov 136, 2, 8;
T_15.23 ;
; Save base=136 wid=8 in lookaside.
    %ix/get 3, 136, 8;
    %load/av 104, v0108ACA0, 8;
    %ix/load 1, 104, 0;
    %mov 4, 0, 1;
    %jmp/1 T_15.24, 4;
    %load/x1p 136, v0108AED0_0, 8;
    %jmp T_15.25;
T_15.24 ;
    %mov 136, 2, 8;
T_15.25 ;
; Save base=136 wid=8 in lookaside.
    %ix/get 3, 136, 8;
    %load/av 112, v0108ACA0, 8;
    %ix/load 1, 112, 0;
    %mov 4, 0, 1;
    %jmp/1 T_15.26, 4;
    %load/x1p 136, v0108AED0_0, 8;
    %jmp T_15.27;
T_15.26 ;
    %mov 136, 2, 8;
T_15.27 ;
; Save base=136 wid=8 in lookaside.
    %ix/get 3, 136, 8;
    %load/av 120, v0108ACA0, 8;
    %ix/load 1, 120, 0;
    %mov 4, 0, 1;
    %jmp/1 T_15.28, 4;
    %load/x1p 136, v0108AED0_0, 8;
    %jmp T_15.29;
T_15.28 ;
    %mov 136, 2, 8;
T_15.29 ;
; Save base=136 wid=8 in lookaside.
    %ix/get 3, 136, 8;
    %load/av 128, v0108ACA0, 8;
    %ix/load 0, 128, 0;
    %assign/v0 v0108AF28_0, 0, 8;
    %load/v 40, v00F2F8B8_0, 8; Only need 8 of 32 bits
; Save base=40 wid=8 in lookaside.
    %ix/get 3, 40, 8;
    %load/av 8, v0108ACA0, 8;
    %ix/load 1, 8, 0;
    %mov 4, 0, 1;
    %jmp/1 T_15.30, 4;
    %load/x1p 40, v00F2F8B8_0, 8;
    %jmp T_15.31;
T_15.30 ;
    %mov 40, 2, 8;
T_15.31 ;
; Save base=40 wid=8 in lookaside.
    %ix/get 3, 40, 8;
    %load/av 16, v0108ACA0, 8;
    %ix/load 1, 16, 0;
    %mov 4, 0, 1;
    %jmp/1 T_15.32, 4;
    %load/x1p 40, v00F2F8B8_0, 8;
    %jmp T_15.33;
T_15.32 ;
    %mov 40, 2, 8;
T_15.33 ;
; Save base=40 wid=8 in lookaside.
    %ix/get 3, 40, 8;
    %load/av 24, v0108ACA0, 8;
    %ix/load 1, 24, 0;
    %mov 4, 0, 1;
    %jmp/1 T_15.34, 4;
    %load/x1p 40, v00F2F8B8_0, 8;
    %jmp T_15.35;
T_15.34 ;
    %mov 40, 2, 8;
T_15.35 ;
; Save base=40 wid=8 in lookaside.
    %ix/get 3, 40, 8;
    %load/av 32, v0108ACA0, 8;
    %ix/load 0, 32, 0;
    %assign/v0 v0108AAD0_0, 0, 8;
    %jmp T_15;
    .thread T_15;
    .scope S_00F27A40;
T_16 ;
    %delay 40, 0;
    %load/v 8, v00F8D1C8_0, 1;
    %inv 8, 1;
    %set/v v00F8D1C8_0, 8, 1;
    %jmp T_16;
    .thread T_16;
    .scope S_00F27A40;
T_17 ;
    %vpi_func 2 76 "$fopen", 8, 32, "text/cyphertext_ascii.txt", "w";
    %set/v v00F8D220_0, 8, 32;
    %vpi_call 2 77 "$monitor", "%d %h", $time, v00F8D068_0;
    %vpi_call 2 78 "$readmemh", "text/plaintext_ascii.txt", v0108DD18;
    %vpi_call 2 79 "$readmemh", "text/key.txt", v01083BC8;
    %vpi_call 2 80 "$readmemh", "text/S_box.txt", v0108ACA0;
    %set/v v00F8D1C8_0, 0, 1;
    %set/v v00F8CE58_0, 1, 1;
    %delay 10, 0;
    %set/v v00F8CE58_0, 0, 1;
    %delay 80, 0;
    %set/v v00F8CE58_0, 1, 1;
    %delay 42400, 0;
    %set/v v00F8D850_0, 0, 32;
T_17.0 ;
    %load/v 8, v00F8D850_0, 32;
   %cmpi/s 8, 128, 32;
    %jmp/0xz T_17.1, 5;
    %ix/getv/s 3, v00F8D850_0;
    %load/av 8, v0108AF80, 128;
    %cmp/u 8, 2, 128;
    %inv 6, 1;
    %jmp/0xz  T_17.2, 6;
    %vpi_call 2 94 "$fwrite", v00F8D220_0, "%h", &A<v0108AF80, v00F8D850_0 >;
T_17.2 ;
    %ix/load 0, 1, 0;
    %load/vp0/s 8, v00F8D850_0, 32;
    %set/v v00F8D850_0, 8, 32;
    %jmp T_17.0;
T_17.1 ;
    %delay 80, 0;
    %vpi_call 2 96 "$finish";
    %end;
    .thread T_17;
# The file index is used to find the file name in the following table.
:file_names 15;
    "N/A";
    "<interactive>";
    ".\testbench.v";
    "./AES/AES.v";
    "./AES/pc.v";
    "./AES/addroundkey.v";
    "./AES/MUX2_128.v";
    "./AES/algorithm_reg.v";
    "./AES/shiftrows.v";
    "./AES/mixcolumns.v";
    "./AES/key_expansion.v";
    "./AES/controller.v";
    "./ROM/plaintext_key_ROM.v";
    "./RAM/cyphertext_RAM.v";
    "./ROM/S_box_ROM.v";
