#! /c/iverilog/bin/vvp
:ivl_version "0.9.7 " "(v0_9_7)";
:vpi_time_precision - 10;
:vpi_module "system";
:vpi_module "v2005_math";
:vpi_module "va_math";
S_0086E0C0 .scope module, "testbench" "testbench" 2 23;
 .timescale -9 -10;
v008A3E80_0 .net "AES_S_box", 31 0, v008A2BB8_0; 1 drivers
v008A3E28_0 .net "AES_inv_S_box", 127 0, v008A2798_0; 1 drivers
v008A3DD0_0 .net "S_box_AES", 31 0, v012AA9F0_0; 1 drivers
v008A3C70_0 .net "addroundkey_reg_o", 127 0, L_008A4D80; 1 drivers
v008A3D78_0 .var "clk_i", 0 0;
v008A3D20_0 .net "cyphertext", 127 0, v008A1B68_0; 1 drivers
v008A3F30_0 .net "finish_o", 0 0, v008A19B0_0; 1 drivers
v008A3ED8_0 .var/i "fp_w", 31 0;
v008A3F88_0 .var/i "i", 31 0;
v008A3FE0_0 .net "inv_S_box_AES", 127 0, v00834E30_0; 1 drivers
v008A3B68_0 .net "key", 127 0, v008A1F88_0; 1 drivers
v008A4E30_0 .net "pc", 6 0, v008A3538_0; 1 drivers
v008A4BC8_0 .net "plaintext_o", 127 0, v008A1958_0; 1 drivers
v008A4F38_0 .var "rst_ni", 0 0;
S_0086DBF8 .scope module, "AES" "AES" 2 41, 3 13, S_0086E0C0;
 .timescale -9 -10;
v008A39B0_0 .alias "W3_i", 31 0, v008A3DD0_0;
v008A3698_0 .alias "W3_o", 31 0, v008A3E80_0;
v008A3430_0 .net "addround_m1", 127 0, v008A32D0_0; 1 drivers
v008A3A60_0 .net "addround_mixcolumns", 127 0, v008A20B8_0; 1 drivers
v008A35E8_0 .net "clk_i", 0 0, v008A3D78_0; 1 drivers
v008A3900_0 .net "controller_m1", 0 0, v008A1D20_0; 1 drivers
v008A3640_0 .net "controller_m3", 0 0, v008A1D78_0; 1 drivers
v008A3B10_0 .net "counter", 3 0, v008A1AB8_0; 1 drivers
v008A3488_0 .alias "cyphertext_i", 127 0, v008A3D20_0;
v008A34E0_0 .net "enable", 0 0, v008A1C70_0; 1 drivers
v008A2C10_9 .array/port v008A2C10, 9;
v008A3220_0 .net "expansion_addround", 127 0, v008A2C10_9; 1 drivers
v008A3748_0 .alias "finish_o", 0 0, v008A3F30_0;
v008A3590_0 .net "inside_mix", 127 0, v008A2950_0; 1 drivers
v008A36F0_0 .alias "key_i", 127 0, v008A3B68_0;
v008A37A0_0 .net "m1_reg", 127 0, L_008A4F90; 1 drivers
v008A37F8_0 .net "m2_addroundkey", 127 0, L_008A4C78; 1 drivers
v008A3850_0 .alias "m3_reg_o", 127 0, v008A3C70_0;
v008A38A8_0 .net "mixcolumns_m3", 127 0, v008A23D0_0; 1 drivers
v008A3A08_0 .alias "pc_o", 6 0, v008A4E30_0;
v008A3958_0 .net "ready", 0 0, v008A2218_0; 1 drivers
v008A3AB8_0 .net "reg_shift", 127 0, v008A2A58_0; 1 drivers
v008A3CC8_0 .net "rst_ni", 0 0, v008A4F38_0; 1 drivers
v008A3C18_0 .alias "shift_subbyte_o", 127 0, v008A3E28_0;
v008A3BC0_0 .alias "subbyte_addround_i", 127 0, v008A3FE0_0;
S_0086D6A8 .scope module, "pc" "pc" 3 46, 4 2, S_0086DBF8;
 .timescale -9 -10;
v008A3328_0 .alias "clk_i", 0 0, v008A35E8_0;
v008A3068_0 .alias "enable_i", 0 0, v008A34E0_0;
v008A3538_0 .var "pc_o", 6 0;
v008A3170_0 .alias "rst_ni", 0 0, v008A3CC8_0;
S_0086D620 .scope module, "addroundkey0" "addroundkey" 3 51, 5 2, S_0086DBF8;
 .timescale -9 -10;
v008A3118_0 .alias "cyphertext_temp_i", 127 0, v008A3D20_0;
v008A32D0_0 .var "cyphertext_temp_o", 127 0;
v008A3380_0 .alias "key_i", 127 0, v008A3220_0;
E_00828CF0 .event edge, v008A1B68_0, v008A2638_0;
S_0086D9D8 .scope module, "m1" "MUX2_128" 3 55, 6 2, S_0086DBF8;
 .timescale -9 -10;
v008A31C8_0 .alias "a", 127 0, v008A3430_0;
v008A33D8_0 .alias "b", 127 0, v008A3C70_0;
v008A30C0_0 .alias "o", 127 0, v008A37A0_0;
v008A3278_0 .alias "s", 0 0, v008A3900_0;
L_008A4F90 .functor MUXZ 128, v008A32D0_0, L_008A4D80, v008A1D20_0, C4<>;
S_0086D950 .scope module, "algorithm_reg" "algorithm_reg" 3 60, 7 2, S_0086DBF8;
 .timescale -9 -10;
v008A29A8_0 .alias "clk_i", 0 0, v008A35E8_0;
v008A2A00_0 .alias "cyphertext_d", 127 0, v008A37A0_0;
v008A2A58_0 .var "cyphertext_q", 127 0;
S_0086E038 .scope module, "inv_shiftrows" "inv_shiftrows" 3 64, 8 2, S_0086DBF8;
 .timescale -9 -10;
v008A2740_0 .alias "cyphertext_temp_i", 127 0, v008A3AB8_0;
v008A2798_0 .var "cyphertext_temp_o", 127 0;
E_00828FD0 .event edge, v008A2740_0;
S_0086DF28 .scope module, "addroundkey1" "addroundkey" 3 67, 5 2, S_0086DBF8;
 .timescale -9 -10;
v008A2168_0 .alias "cyphertext_temp_i", 127 0, v008A3FE0_0;
v008A20B8_0 .var "cyphertext_temp_o", 127 0;
v008A2110_0 .alias "key_i", 127 0, v008A37F8_0;
E_00828FB0 .event edge, v00834E30_0, v008A21C0_0;
S_0086D378 .scope module, "pre_process" "pre_process" 3 71, 9 41, S_0086DBF8;
 .timescale -9 -10;
v008A25E0_0 .alias "cyphertext_temp_i", 127 0, v008A3A60_0;
v008A2950_0 .var "cyphertext_temp_o", 127 0;
E_00828B30 .event edge, v008A28A0_0;
S_0086D840 .scope function, "X2" "X2" 9 66, 9 66, S_0086D378;
 .timescale -9 -10;
v008A2320_0 .var "X2", 7 0;
v008A2588_0 .var "cyphertext", 7 0;
v008A2848_0 .var "temp", 7 0;
TD_testbench.AES.pre_process.X2 ;
    %load/v 8, v008A2588_0, 8;
    %ix/load 0, 1, 0;
    %mov 4, 0, 1;
    %shiftl/i0  8, 8;
    %set/v v008A2848_0, 8, 8;
    %ix/load 1, 7, 0;
    %mov 4, 0, 1;
    %jmp/1 T_0.0, 4;
    %load/x1p 8, v008A2588_0, 1;
    %jmp T_0.1;
T_0.0 ;
    %mov 8, 2, 1;
T_0.1 ;
; Save base=8 wid=1 in lookaside.
    %jmp/0xz  T_0.2, 8;
    %load/v 8, v008A2848_0, 8;
    %movi 16, 27, 8;
    %xor 8, 16, 8;
    %set/v v008A2320_0, 8, 8;
    %jmp T_0.3;
T_0.2 ;
    %load/v 8, v008A2848_0, 8;
    %set/v v008A2320_0, 8, 8;
T_0.3 ;
    %end;
S_0086DE18 .scope module, "inv_mixcolumns" "inv_mixcolumns" 3 74, 9 2, S_0086DBF8;
 .timescale -9 -10;
v008A27F0_0 .alias "cyphertext_temp_i", 127 0, v008A3590_0;
v008A23D0_0 .var "cyphertext_temp_o", 127 0;
E_00828250 .event edge, v008A27F0_0;
S_0086D510 .scope function, "X2" "X2" 9 27, 9 27, S_0086DE18;
 .timescale -9 -10;
v008A2690_0 .var "X2", 7 0;
v008A26E8_0 .var "cyphertext", 7 0;
v008A22C8_0 .var "temp", 7 0;
TD_testbench.AES.inv_mixcolumns.X2 ;
    %load/v 8, v008A26E8_0, 8;
    %ix/load 0, 1, 0;
    %mov 4, 0, 1;
    %shiftl/i0  8, 8;
    %set/v v008A22C8_0, 8, 8;
    %ix/load 1, 7, 0;
    %mov 4, 0, 1;
    %jmp/1 T_1.4, 4;
    %load/x1p 8, v008A26E8_0, 1;
    %jmp T_1.5;
T_1.4 ;
    %mov 8, 2, 1;
T_1.5 ;
; Save base=8 wid=1 in lookaside.
    %jmp/0xz  T_1.6, 8;
    %load/v 8, v008A22C8_0, 8;
    %movi 16, 27, 8;
    %xor 8, 16, 8;
    %set/v v008A2690_0, 8, 8;
    %jmp T_1.7;
T_1.6 ;
    %load/v 8, v008A22C8_0, 8;
    %set/v v008A2690_0, 8, 8;
T_1.7 ;
    %end;
S_0086D2F0 .scope module, "m3" "MUX2_128" 3 77, 6 2, S_0086DBF8;
 .timescale -9 -10;
v008A28A0_0 .alias "a", 127 0, v008A3A60_0;
v008A24D8_0 .alias "b", 127 0, v008A38A8_0;
v008A2530_0 .alias "o", 127 0, v008A3C70_0;
v008A2378_0 .alias "s", 0 0, v008A3640_0;
L_008A4D80 .functor MUXZ 128, v008A20B8_0, v008A23D0_0, v008A1D78_0, C4<>;
S_0086D8C8 .scope module, "key_expansion" "key_expansion" 3 82, 10 2, S_0086DBF8;
 .timescale -9 -10;
v008A2C10 .array "KEY_MEM", 9 0, 127 0;
v008A2C68_0 .var "RC", 7 0;
v008A2B60 .array "W", 3 0, 31 0;
v008A2FD8_0 .var "W0_o", 31 0;
v008A2CC0_0 .var "W1_o", 31 0;
v008A2F28_0 .var "W2_o", 31 0;
v008A2BB8_0 .var "W3_o", 31 0;
v008A2ED0_0 .alias "W_S_box", 31 0, v008A3DD0_0;
v008A2DC8_0 .net *"_s0", 3 0, C4<1010>; 1 drivers
v008A2D70_0 .net *"_s10", 3 0, C4<1001>; 1 drivers
v008A2D18_0 .net *"_s12", 3 0, L_008A4C20; 1 drivers
v008A2F80_0 .net *"_s2", 3 0, L_008A4DD8; 1 drivers
v008A2E20_0 .net *"_s4", 3 0, C4<0000>; 1 drivers
v008A2E78_0 .net *"_s6", 0 0, L_008A4FE8; 1 drivers
v008A28F8_0 .net *"_s8", 127 0, L_008A4E88; 1 drivers
v008A2B08_0 .alias "clk_i", 0 0, v008A35E8_0;
v008A2060_0 .var "counter", 3 0;
v008A2428_0 .var "key1_o", 127 0;
v008A2638_0 .alias "key_first_o", 127 0, v008A3220_0;
v008A2AB0_0 .alias "key_i", 127 0, v008A3B68_0;
v008A21C0_0 .alias "key_o", 127 0, v008A37F8_0;
v008A2218_0 .var "key_ready_o", 0 0;
v008A2480_0 .alias "number_i", 3 0, v008A3B10_0;
v008A2270_0 .alias "rst_ni", 0 0, v008A3CC8_0;
E_00827F90/0 .event edge, v008A2FD8_0, v012AA9F0_0, v008A2C68_0, v008A2CC0_0;
v008A2B60_0 .array/port v008A2B60, 0;
v008A2B60_1 .array/port v008A2B60, 1;
v008A2B60_2 .array/port v008A2B60, 2;
v008A2B60_3 .array/port v008A2B60, 3;
E_00827F90/1 .event edge, v008A2B60_0, v008A2B60_1, v008A2B60_2, v008A2B60_3;
E_00827F90/2 .event edge, v008A2F28_0, v012AA998_0;
E_00827F90 .event/or E_00827F90/0, E_00827F90/1, E_00827F90/2;
L_008A4DD8 .arith/sub 4, C4<1010>, v008A1AB8_0;
L_008A4FE8 .cmp/eq 4, L_008A4DD8, C4<0000>;
L_008A4E88 .array/port v008A2C10, L_008A4C20;
L_008A4C20 .arith/sub 4, C4<1001>, v008A1AB8_0;
L_008A4C78 .functor MUXZ 128, L_008A4E88, v008A1F88_0, L_008A4FE8, C4<>;
S_0086DD08 .scope module, "controller" "controller" 3 92, 11 2, S_0086DBF8;
 .timescale -9 -10;
P_0085512C .param/l "DONE" 11 24, C4<10>;
P_00855140 .param/l "ENCRYPT" 11 23, C4<01>;
P_00855154 .param/l "RST" 11 22, C4<00>;
v008A1900_0 .alias "clk_i", 0 0, v008A35E8_0;
v008A1AB8_0 .var "counter_o", 3 0;
v008A1C70_0 .var "enable_o", 0 0;
v008A19B0_0 .var "finish_o", 0 0;
v008A1B10_0 .alias "key_ready_i", 0 0, v008A3958_0;
v008A1DD0_0 .var "n_state", 1 0;
v008A1CC8_0 .alias "rst_ni", 0 0, v008A3CC8_0;
v008A1D20_0 .var "select1_o", 0 0;
v008A1D78_0 .var "select3_o", 0 0;
v008A1E28_0 .var "state", 1 0;
E_00827C90 .event edge, v008A1E28_0, v008A1B10_0, v008A1AB8_0;
E_00827910/0 .event negedge, v008A1CC8_0;
E_00827910/1 .event posedge, v0086AA88_0;
E_00827910 .event/or E_00827910/0, E_00827910/1;
S_0086D730 .scope module, "cyphertext_key_memory" "cyphertext_key_memory" 2 53, 12 2, S_0086E0C0;
 .timescale -9 -10;
v008A1850 .array "KEY_MEMORY", 1 0, 127 0;
v008A1ED8 .array "MEMORY", 127 0, 127 0;
v008A1E80_0 .alias "clk_i", 0 0, v008A35E8_0;
v008A1B68_0 .var "cyphertext_q", 127 0;
v008A1F88_0 .var "key_q", 127 0;
v008A1C18_0 .alias "pc_i", 6 0, v008A4E30_0;
S_0086DB70 .scope module, "plaintext_memory" "plaintext_memory" 2 58, 13 2, S_0086E0C0;
 .timescale -9 -10;
v008A1A08 .array "MEMORY", 127 0, 127 0;
v008A1F30_0 .alias "clk_i", 0 0, v008A35E8_0;
v008A18A8_0 .alias "finish_d", 0 0, v008A3F30_0;
v008A1BC0_0 .alias "pc_i", 6 0, v008A4E30_0;
v008A1A60_0 .alias "plaintext_d", 127 0, v008A3C70_0;
v008A1958_0 .var "plaintext_q", 127 0;
E_00827270 .event posedge, v0086AA88_0;
S_0086DFB0 .scope module, "inv_S_box_memory" "inv_S_box_memory" 2 64, 14 2, S_0086E0C0;
 .timescale -9 -10;
v0086AAE0_0 .alias "clk_i", 0 0, v008A35E8_0;
v00834DD8_0 .alias "cyphertext_temp_i", 127 0, v008A3E28_0;
v00834E30_0 .var "cyphertext_temp_o", 127 0;
v00831730 .array "inv_S_box", 255 0, 7 0;
S_0086D488 .scope module, "S_box_memory" "S_box_memory" 2 68, 15 2, S_0086E0C0;
 .timescale -9 -10;
v012AAB68 .array "S_box", 255 0, 7 0;
v012AA998_0 .alias "W_i", 31 0, v008A3E80_0;
v012AA9F0_0 .var "W_o", 31 0;
v0086AA88_0 .alias "clk_i", 0 0, v008A35E8_0;
E_00826F10 .event negedge, v0086AA88_0;
    .scope S_0086D6A8;
T_2 ;
    %wait E_00827910;
    %load/v 8, v008A3170_0, 1;
    %inv 8, 1;
    %jmp/0xz  T_2.0, 8;
    %ix/load 0, 7, 0;
    %assign/v0 v008A3538_0, 0, 1;
    %jmp T_2.1;
T_2.0 ;
    %load/v 8, v008A3068_0, 1;
    %jmp/0xz  T_2.2, 8;
    %ix/load 0, 1, 0;
    %load/vp0 8, v008A3538_0, 7;
    %ix/load 0, 7, 0;
    %assign/v0 v008A3538_0, 0, 8;
    %jmp T_2.3;
T_2.2 ;
    %load/v 8, v008A3538_0, 7;
    %ix/load 0, 7, 0;
    %assign/v0 v008A3538_0, 0, 8;
T_2.3 ;
T_2.1 ;
    %jmp T_2;
    .thread T_2;
    .scope S_0086D620;
T_3 ;
    %wait E_00828CF0;
    %load/v 8, v008A3118_0, 128;
    %load/v 136, v008A3380_0, 128;
    %xor 8, 136, 128;
    %set/v v008A32D0_0, 8, 128;
    %jmp T_3;
    .thread T_3, $push;
    .scope S_0086D950;
T_4 ;
    %wait E_00827270;
    %load/v 8, v008A2A00_0, 128;
    %ix/load 0, 128, 0;
    %assign/v0 v008A2A58_0, 0, 8;
    %jmp T_4;
    .thread T_4;
    .scope S_0086E038;
T_5 ;
    %wait E_00828FD0;
    %ix/load 1, 96, 0;
    %mov 4, 0, 1;
    %jmp/1 T_5.0, 4;
    %load/x1p 136, v008A2740_0, 8;
    %jmp T_5.1;
T_5.0 ;
    %mov 136, 2, 8;
T_5.1 ;
    %mov 8, 136, 8; Move signal select into place
    %ix/load 1, 72, 0;
    %mov 4, 0, 1;
    %jmp/1 T_5.2, 4;
    %load/x1p 136, v008A2740_0, 8;
    %jmp T_5.3;
T_5.2 ;
    %mov 136, 2, 8;
T_5.3 ;
    %mov 16, 136, 8; Move signal select into place
    %ix/load 1, 48, 0;
    %mov 4, 0, 1;
    %jmp/1 T_5.4, 4;
    %load/x1p 136, v008A2740_0, 8;
    %jmp T_5.5;
T_5.4 ;
    %mov 136, 2, 8;
T_5.5 ;
    %mov 24, 136, 8; Move signal select into place
    %ix/load 1, 24, 0;
    %mov 4, 0, 1;
    %jmp/1 T_5.6, 4;
    %load/x1p 136, v008A2740_0, 8;
    %jmp T_5.7;
T_5.6 ;
    %mov 136, 2, 8;
T_5.7 ;
    %mov 32, 136, 8; Move signal select into place
    %load/v 40, v008A2740_0, 8; Select 8 out of 128 bits
    %ix/load 1, 104, 0;
    %mov 4, 0, 1;
    %jmp/1 T_5.8, 4;
    %load/x1p 136, v008A2740_0, 8;
    %jmp T_5.9;
T_5.8 ;
    %mov 136, 2, 8;
T_5.9 ;
    %mov 48, 136, 8; Move signal select into place
    %ix/load 1, 80, 0;
    %mov 4, 0, 1;
    %jmp/1 T_5.10, 4;
    %load/x1p 136, v008A2740_0, 8;
    %jmp T_5.11;
T_5.10 ;
    %mov 136, 2, 8;
T_5.11 ;
    %mov 56, 136, 8; Move signal select into place
    %ix/load 1, 56, 0;
    %mov 4, 0, 1;
    %jmp/1 T_5.12, 4;
    %load/x1p 136, v008A2740_0, 8;
    %jmp T_5.13;
T_5.12 ;
    %mov 136, 2, 8;
T_5.13 ;
    %mov 64, 136, 8; Move signal select into place
    %ix/load 1, 32, 0;
    %mov 4, 0, 1;
    %jmp/1 T_5.14, 4;
    %load/x1p 136, v008A2740_0, 8;
    %jmp T_5.15;
T_5.14 ;
    %mov 136, 2, 8;
T_5.15 ;
    %mov 72, 136, 8; Move signal select into place
    %ix/load 1, 8, 0;
    %mov 4, 0, 1;
    %jmp/1 T_5.16, 4;
    %load/x1p 136, v008A2740_0, 8;
    %jmp T_5.17;
T_5.16 ;
    %mov 136, 2, 8;
T_5.17 ;
    %mov 80, 136, 8; Move signal select into place
    %ix/load 1, 112, 0;
    %mov 4, 0, 1;
    %jmp/1 T_5.18, 4;
    %load/x1p 136, v008A2740_0, 8;
    %jmp T_5.19;
T_5.18 ;
    %mov 136, 2, 8;
T_5.19 ;
    %mov 88, 136, 8; Move signal select into place
    %ix/load 1, 88, 0;
    %mov 4, 0, 1;
    %jmp/1 T_5.20, 4;
    %load/x1p 136, v008A2740_0, 8;
    %jmp T_5.21;
T_5.20 ;
    %mov 136, 2, 8;
T_5.21 ;
    %mov 96, 136, 8; Move signal select into place
    %ix/load 1, 64, 0;
    %mov 4, 0, 1;
    %jmp/1 T_5.22, 4;
    %load/x1p 136, v008A2740_0, 8;
    %jmp T_5.23;
T_5.22 ;
    %mov 136, 2, 8;
T_5.23 ;
    %mov 104, 136, 8; Move signal select into place
    %ix/load 1, 40, 0;
    %mov 4, 0, 1;
    %jmp/1 T_5.24, 4;
    %load/x1p 136, v008A2740_0, 8;
    %jmp T_5.25;
T_5.24 ;
    %mov 136, 2, 8;
T_5.25 ;
    %mov 112, 136, 8; Move signal select into place
    %ix/load 1, 16, 0;
    %mov 4, 0, 1;
    %jmp/1 T_5.26, 4;
    %load/x1p 136, v008A2740_0, 8;
    %jmp T_5.27;
T_5.26 ;
    %mov 136, 2, 8;
T_5.27 ;
    %mov 120, 136, 8; Move signal select into place
    %ix/load 1, 120, 0;
    %mov 4, 0, 1;
    %jmp/1 T_5.28, 4;
    %load/x1p 136, v008A2740_0, 8;
    %jmp T_5.29;
T_5.28 ;
    %mov 136, 2, 8;
T_5.29 ;
    %mov 128, 136, 8; Move signal select into place
    %set/v v008A2798_0, 8, 128;
    %jmp T_5;
    .thread T_5, $push;
    .scope S_0086DF28;
T_6 ;
    %wait E_00828FB0;
    %load/v 8, v008A2168_0, 128;
    %load/v 136, v008A2110_0, 128;
    %xor 8, 136, 128;
    %set/v v008A20B8_0, 8, 128;
    %jmp T_6;
    .thread T_6, $push;
    .scope S_0086D378;
T_7 ;
    %wait E_00828B30;
    %ix/load 1, 120, 0;
    %mov 4, 0, 1;
    %jmp/1 T_7.0, 4;
    %load/x1p 8, v008A25E0_0, 8;
    %jmp T_7.1;
T_7.0 ;
    %mov 8, 2, 8;
T_7.1 ;
; Save base=8 wid=8 in lookaside.
    %ix/load 1, 120, 0;
    %mov 4, 0, 1;
    %jmp/1 T_7.2, 4;
    %load/x1p 16, v008A25E0_0, 8;
    %jmp T_7.3;
T_7.2 ;
    %mov 16, 2, 8;
T_7.3 ;
; Save base=16 wid=8 in lookaside.
    %ix/load 1, 104, 0;
    %mov 4, 0, 1;
    %jmp/1 T_7.4, 4;
    %load/x1p 24, v008A25E0_0, 8;
    %jmp T_7.5;
T_7.4 ;
    %mov 24, 2, 8;
T_7.5 ;
; Save base=24 wid=8 in lookaside.
    %xor 16, 24, 8;
    %set/v v008A2588_0, 16, 8;
    %fork TD_testbench.AES.pre_process.X2, S_0086D840;
    %join;
    %load/v  16, v008A2320_0, 8;
    %set/v v008A2588_0, 16, 8;
    %fork TD_testbench.AES.pre_process.X2, S_0086D840;
    %join;
    %load/v  16, v008A2320_0, 8;
    %xor 8, 16, 8;
    %ix/load 0, 120, 0;
    %set/x0 v008A2950_0, 8, 8;
    %ix/load 1, 112, 0;
    %mov 4, 0, 1;
    %jmp/1 T_7.6, 4;
    %load/x1p 8, v008A25E0_0, 8;
    %jmp T_7.7;
T_7.6 ;
    %mov 8, 2, 8;
T_7.7 ;
; Save base=8 wid=8 in lookaside.
    %ix/load 1, 112, 0;
    %mov 4, 0, 1;
    %jmp/1 T_7.8, 4;
    %load/x1p 16, v008A25E0_0, 8;
    %jmp T_7.9;
T_7.8 ;
    %mov 16, 2, 8;
T_7.9 ;
; Save base=16 wid=8 in lookaside.
    %ix/load 1, 96, 0;
    %mov 4, 0, 1;
    %jmp/1 T_7.10, 4;
    %load/x1p 24, v008A25E0_0, 8;
    %jmp T_7.11;
T_7.10 ;
    %mov 24, 2, 8;
T_7.11 ;
; Save base=24 wid=8 in lookaside.
    %xor 16, 24, 8;
    %set/v v008A2588_0, 16, 8;
    %fork TD_testbench.AES.pre_process.X2, S_0086D840;
    %join;
    %load/v  16, v008A2320_0, 8;
    %set/v v008A2588_0, 16, 8;
    %fork TD_testbench.AES.pre_process.X2, S_0086D840;
    %join;
    %load/v  16, v008A2320_0, 8;
    %xor 8, 16, 8;
    %ix/load 0, 112, 0;
    %set/x0 v008A2950_0, 8, 8;
    %ix/load 1, 104, 0;
    %mov 4, 0, 1;
    %jmp/1 T_7.12, 4;
    %load/x1p 8, v008A25E0_0, 8;
    %jmp T_7.13;
T_7.12 ;
    %mov 8, 2, 8;
T_7.13 ;
; Save base=8 wid=8 in lookaside.
    %ix/load 1, 104, 0;
    %mov 4, 0, 1;
    %jmp/1 T_7.14, 4;
    %load/x1p 16, v008A25E0_0, 8;
    %jmp T_7.15;
T_7.14 ;
    %mov 16, 2, 8;
T_7.15 ;
; Save base=16 wid=8 in lookaside.
    %ix/load 1, 120, 0;
    %mov 4, 0, 1;
    %jmp/1 T_7.16, 4;
    %load/x1p 24, v008A25E0_0, 8;
    %jmp T_7.17;
T_7.16 ;
    %mov 24, 2, 8;
T_7.17 ;
; Save base=24 wid=8 in lookaside.
    %xor 16, 24, 8;
    %set/v v008A2588_0, 16, 8;
    %fork TD_testbench.AES.pre_process.X2, S_0086D840;
    %join;
    %load/v  16, v008A2320_0, 8;
    %set/v v008A2588_0, 16, 8;
    %fork TD_testbench.AES.pre_process.X2, S_0086D840;
    %join;
    %load/v  16, v008A2320_0, 8;
    %xor 8, 16, 8;
    %ix/load 0, 104, 0;
    %set/x0 v008A2950_0, 8, 8;
    %ix/load 1, 96, 0;
    %mov 4, 0, 1;
    %jmp/1 T_7.18, 4;
    %load/x1p 8, v008A25E0_0, 8;
    %jmp T_7.19;
T_7.18 ;
    %mov 8, 2, 8;
T_7.19 ;
; Save base=8 wid=8 in lookaside.
    %ix/load 1, 96, 0;
    %mov 4, 0, 1;
    %jmp/1 T_7.20, 4;
    %load/x1p 16, v008A25E0_0, 8;
    %jmp T_7.21;
T_7.20 ;
    %mov 16, 2, 8;
T_7.21 ;
; Save base=16 wid=8 in lookaside.
    %ix/load 1, 112, 0;
    %mov 4, 0, 1;
    %jmp/1 T_7.22, 4;
    %load/x1p 24, v008A25E0_0, 8;
    %jmp T_7.23;
T_7.22 ;
    %mov 24, 2, 8;
T_7.23 ;
; Save base=24 wid=8 in lookaside.
    %xor 16, 24, 8;
    %set/v v008A2588_0, 16, 8;
    %fork TD_testbench.AES.pre_process.X2, S_0086D840;
    %join;
    %load/v  16, v008A2320_0, 8;
    %set/v v008A2588_0, 16, 8;
    %fork TD_testbench.AES.pre_process.X2, S_0086D840;
    %join;
    %load/v  16, v008A2320_0, 8;
    %xor 8, 16, 8;
    %ix/load 0, 96, 0;
    %set/x0 v008A2950_0, 8, 8;
    %ix/load 1, 88, 0;
    %mov 4, 0, 1;
    %jmp/1 T_7.24, 4;
    %load/x1p 8, v008A25E0_0, 8;
    %jmp T_7.25;
T_7.24 ;
    %mov 8, 2, 8;
T_7.25 ;
; Save base=8 wid=8 in lookaside.
    %ix/load 1, 88, 0;
    %mov 4, 0, 1;
    %jmp/1 T_7.26, 4;
    %load/x1p 16, v008A25E0_0, 8;
    %jmp T_7.27;
T_7.26 ;
    %mov 16, 2, 8;
T_7.27 ;
; Save base=16 wid=8 in lookaside.
    %ix/load 1, 72, 0;
    %mov 4, 0, 1;
    %jmp/1 T_7.28, 4;
    %load/x1p 24, v008A25E0_0, 8;
    %jmp T_7.29;
T_7.28 ;
    %mov 24, 2, 8;
T_7.29 ;
; Save base=24 wid=8 in lookaside.
    %xor 16, 24, 8;
    %set/v v008A2588_0, 16, 8;
    %fork TD_testbench.AES.pre_process.X2, S_0086D840;
    %join;
    %load/v  16, v008A2320_0, 8;
    %set/v v008A2588_0, 16, 8;
    %fork TD_testbench.AES.pre_process.X2, S_0086D840;
    %join;
    %load/v  16, v008A2320_0, 8;
    %xor 8, 16, 8;
    %ix/load 0, 88, 0;
    %set/x0 v008A2950_0, 8, 8;
    %ix/load 1, 80, 0;
    %mov 4, 0, 1;
    %jmp/1 T_7.30, 4;
    %load/x1p 8, v008A25E0_0, 8;
    %jmp T_7.31;
T_7.30 ;
    %mov 8, 2, 8;
T_7.31 ;
; Save base=8 wid=8 in lookaside.
    %ix/load 1, 80, 0;
    %mov 4, 0, 1;
    %jmp/1 T_7.32, 4;
    %load/x1p 16, v008A25E0_0, 8;
    %jmp T_7.33;
T_7.32 ;
    %mov 16, 2, 8;
T_7.33 ;
; Save base=16 wid=8 in lookaside.
    %ix/load 1, 64, 0;
    %mov 4, 0, 1;
    %jmp/1 T_7.34, 4;
    %load/x1p 24, v008A25E0_0, 8;
    %jmp T_7.35;
T_7.34 ;
    %mov 24, 2, 8;
T_7.35 ;
; Save base=24 wid=8 in lookaside.
    %xor 16, 24, 8;
    %set/v v008A2588_0, 16, 8;
    %fork TD_testbench.AES.pre_process.X2, S_0086D840;
    %join;
    %load/v  16, v008A2320_0, 8;
    %set/v v008A2588_0, 16, 8;
    %fork TD_testbench.AES.pre_process.X2, S_0086D840;
    %join;
    %load/v  16, v008A2320_0, 8;
    %xor 8, 16, 8;
    %ix/load 0, 80, 0;
    %set/x0 v008A2950_0, 8, 8;
    %ix/load 1, 72, 0;
    %mov 4, 0, 1;
    %jmp/1 T_7.36, 4;
    %load/x1p 8, v008A25E0_0, 8;
    %jmp T_7.37;
T_7.36 ;
    %mov 8, 2, 8;
T_7.37 ;
; Save base=8 wid=8 in lookaside.
    %ix/load 1, 72, 0;
    %mov 4, 0, 1;
    %jmp/1 T_7.38, 4;
    %load/x1p 16, v008A25E0_0, 8;
    %jmp T_7.39;
T_7.38 ;
    %mov 16, 2, 8;
T_7.39 ;
; Save base=16 wid=8 in lookaside.
    %ix/load 1, 88, 0;
    %mov 4, 0, 1;
    %jmp/1 T_7.40, 4;
    %load/x1p 24, v008A25E0_0, 8;
    %jmp T_7.41;
T_7.40 ;
    %mov 24, 2, 8;
T_7.41 ;
; Save base=24 wid=8 in lookaside.
    %xor 16, 24, 8;
    %set/v v008A2588_0, 16, 8;
    %fork TD_testbench.AES.pre_process.X2, S_0086D840;
    %join;
    %load/v  16, v008A2320_0, 8;
    %set/v v008A2588_0, 16, 8;
    %fork TD_testbench.AES.pre_process.X2, S_0086D840;
    %join;
    %load/v  16, v008A2320_0, 8;
    %xor 8, 16, 8;
    %ix/load 0, 72, 0;
    %set/x0 v008A2950_0, 8, 8;
    %ix/load 1, 64, 0;
    %mov 4, 0, 1;
    %jmp/1 T_7.42, 4;
    %load/x1p 8, v008A25E0_0, 8;
    %jmp T_7.43;
T_7.42 ;
    %mov 8, 2, 8;
T_7.43 ;
; Save base=8 wid=8 in lookaside.
    %ix/load 1, 64, 0;
    %mov 4, 0, 1;
    %jmp/1 T_7.44, 4;
    %load/x1p 16, v008A25E0_0, 8;
    %jmp T_7.45;
T_7.44 ;
    %mov 16, 2, 8;
T_7.45 ;
; Save base=16 wid=8 in lookaside.
    %ix/load 1, 80, 0;
    %mov 4, 0, 1;
    %jmp/1 T_7.46, 4;
    %load/x1p 24, v008A25E0_0, 8;
    %jmp T_7.47;
T_7.46 ;
    %mov 24, 2, 8;
T_7.47 ;
; Save base=24 wid=8 in lookaside.
    %xor 16, 24, 8;
    %set/v v008A2588_0, 16, 8;
    %fork TD_testbench.AES.pre_process.X2, S_0086D840;
    %join;
    %load/v  16, v008A2320_0, 8;
    %set/v v008A2588_0, 16, 8;
    %fork TD_testbench.AES.pre_process.X2, S_0086D840;
    %join;
    %load/v  16, v008A2320_0, 8;
    %xor 8, 16, 8;
    %ix/load 0, 64, 0;
    %set/x0 v008A2950_0, 8, 8;
    %ix/load 1, 56, 0;
    %mov 4, 0, 1;
    %jmp/1 T_7.48, 4;
    %load/x1p 8, v008A25E0_0, 8;
    %jmp T_7.49;
T_7.48 ;
    %mov 8, 2, 8;
T_7.49 ;
; Save base=8 wid=8 in lookaside.
    %ix/load 1, 56, 0;
    %mov 4, 0, 1;
    %jmp/1 T_7.50, 4;
    %load/x1p 16, v008A25E0_0, 8;
    %jmp T_7.51;
T_7.50 ;
    %mov 16, 2, 8;
T_7.51 ;
; Save base=16 wid=8 in lookaside.
    %ix/load 1, 40, 0;
    %mov 4, 0, 1;
    %jmp/1 T_7.52, 4;
    %load/x1p 24, v008A25E0_0, 8;
    %jmp T_7.53;
T_7.52 ;
    %mov 24, 2, 8;
T_7.53 ;
; Save base=24 wid=8 in lookaside.
    %xor 16, 24, 8;
    %set/v v008A2588_0, 16, 8;
    %fork TD_testbench.AES.pre_process.X2, S_0086D840;
    %join;
    %load/v  16, v008A2320_0, 8;
    %set/v v008A2588_0, 16, 8;
    %fork TD_testbench.AES.pre_process.X2, S_0086D840;
    %join;
    %load/v  16, v008A2320_0, 8;
    %xor 8, 16, 8;
    %ix/load 0, 56, 0;
    %set/x0 v008A2950_0, 8, 8;
    %ix/load 1, 48, 0;
    %mov 4, 0, 1;
    %jmp/1 T_7.54, 4;
    %load/x1p 8, v008A25E0_0, 8;
    %jmp T_7.55;
T_7.54 ;
    %mov 8, 2, 8;
T_7.55 ;
; Save base=8 wid=8 in lookaside.
    %ix/load 1, 48, 0;
    %mov 4, 0, 1;
    %jmp/1 T_7.56, 4;
    %load/x1p 16, v008A25E0_0, 8;
    %jmp T_7.57;
T_7.56 ;
    %mov 16, 2, 8;
T_7.57 ;
; Save base=16 wid=8 in lookaside.
    %ix/load 1, 32, 0;
    %mov 4, 0, 1;
    %jmp/1 T_7.58, 4;
    %load/x1p 24, v008A25E0_0, 8;
    %jmp T_7.59;
T_7.58 ;
    %mov 24, 2, 8;
T_7.59 ;
; Save base=24 wid=8 in lookaside.
    %xor 16, 24, 8;
    %set/v v008A2588_0, 16, 8;
    %fork TD_testbench.AES.pre_process.X2, S_0086D840;
    %join;
    %load/v  16, v008A2320_0, 8;
    %set/v v008A2588_0, 16, 8;
    %fork TD_testbench.AES.pre_process.X2, S_0086D840;
    %join;
    %load/v  16, v008A2320_0, 8;
    %xor 8, 16, 8;
    %ix/load 0, 48, 0;
    %set/x0 v008A2950_0, 8, 8;
    %ix/load 1, 40, 0;
    %mov 4, 0, 1;
    %jmp/1 T_7.60, 4;
    %load/x1p 8, v008A25E0_0, 8;
    %jmp T_7.61;
T_7.60 ;
    %mov 8, 2, 8;
T_7.61 ;
; Save base=8 wid=8 in lookaside.
    %ix/load 1, 40, 0;
    %mov 4, 0, 1;
    %jmp/1 T_7.62, 4;
    %load/x1p 16, v008A25E0_0, 8;
    %jmp T_7.63;
T_7.62 ;
    %mov 16, 2, 8;
T_7.63 ;
; Save base=16 wid=8 in lookaside.
    %ix/load 1, 56, 0;
    %mov 4, 0, 1;
    %jmp/1 T_7.64, 4;
    %load/x1p 24, v008A25E0_0, 8;
    %jmp T_7.65;
T_7.64 ;
    %mov 24, 2, 8;
T_7.65 ;
; Save base=24 wid=8 in lookaside.
    %xor 16, 24, 8;
    %set/v v008A2588_0, 16, 8;
    %fork TD_testbench.AES.pre_process.X2, S_0086D840;
    %join;
    %load/v  16, v008A2320_0, 8;
    %set/v v008A2588_0, 16, 8;
    %fork TD_testbench.AES.pre_process.X2, S_0086D840;
    %join;
    %load/v  16, v008A2320_0, 8;
    %xor 8, 16, 8;
    %ix/load 0, 40, 0;
    %set/x0 v008A2950_0, 8, 8;
    %ix/load 1, 32, 0;
    %mov 4, 0, 1;
    %jmp/1 T_7.66, 4;
    %load/x1p 8, v008A25E0_0, 8;
    %jmp T_7.67;
T_7.66 ;
    %mov 8, 2, 8;
T_7.67 ;
; Save base=8 wid=8 in lookaside.
    %ix/load 1, 32, 0;
    %mov 4, 0, 1;
    %jmp/1 T_7.68, 4;
    %load/x1p 16, v008A25E0_0, 8;
    %jmp T_7.69;
T_7.68 ;
    %mov 16, 2, 8;
T_7.69 ;
; Save base=16 wid=8 in lookaside.
    %ix/load 1, 48, 0;
    %mov 4, 0, 1;
    %jmp/1 T_7.70, 4;
    %load/x1p 24, v008A25E0_0, 8;
    %jmp T_7.71;
T_7.70 ;
    %mov 24, 2, 8;
T_7.71 ;
; Save base=24 wid=8 in lookaside.
    %xor 16, 24, 8;
    %set/v v008A2588_0, 16, 8;
    %fork TD_testbench.AES.pre_process.X2, S_0086D840;
    %join;
    %load/v  16, v008A2320_0, 8;
    %set/v v008A2588_0, 16, 8;
    %fork TD_testbench.AES.pre_process.X2, S_0086D840;
    %join;
    %load/v  16, v008A2320_0, 8;
    %xor 8, 16, 8;
    %ix/load 0, 32, 0;
    %set/x0 v008A2950_0, 8, 8;
    %ix/load 1, 24, 0;
    %mov 4, 0, 1;
    %jmp/1 T_7.72, 4;
    %load/x1p 8, v008A25E0_0, 8;
    %jmp T_7.73;
T_7.72 ;
    %mov 8, 2, 8;
T_7.73 ;
; Save base=8 wid=8 in lookaside.
    %ix/load 1, 24, 0;
    %mov 4, 0, 1;
    %jmp/1 T_7.74, 4;
    %load/x1p 16, v008A25E0_0, 8;
    %jmp T_7.75;
T_7.74 ;
    %mov 16, 2, 8;
T_7.75 ;
; Save base=16 wid=8 in lookaside.
    %ix/load 1, 8, 0;
    %mov 4, 0, 1;
    %jmp/1 T_7.76, 4;
    %load/x1p 24, v008A25E0_0, 8;
    %jmp T_7.77;
T_7.76 ;
    %mov 24, 2, 8;
T_7.77 ;
; Save base=24 wid=8 in lookaside.
    %xor 16, 24, 8;
    %set/v v008A2588_0, 16, 8;
    %fork TD_testbench.AES.pre_process.X2, S_0086D840;
    %join;
    %load/v  16, v008A2320_0, 8;
    %set/v v008A2588_0, 16, 8;
    %fork TD_testbench.AES.pre_process.X2, S_0086D840;
    %join;
    %load/v  16, v008A2320_0, 8;
    %xor 8, 16, 8;
    %ix/load 0, 24, 0;
    %set/x0 v008A2950_0, 8, 8;
    %ix/load 1, 16, 0;
    %mov 4, 0, 1;
    %jmp/1 T_7.78, 4;
    %load/x1p 8, v008A25E0_0, 8;
    %jmp T_7.79;
T_7.78 ;
    %mov 8, 2, 8;
T_7.79 ;
; Save base=8 wid=8 in lookaside.
    %ix/load 1, 16, 0;
    %mov 4, 0, 1;
    %jmp/1 T_7.80, 4;
    %load/x1p 16, v008A25E0_0, 8;
    %jmp T_7.81;
T_7.80 ;
    %mov 16, 2, 8;
T_7.81 ;
; Save base=16 wid=8 in lookaside.
    %load/v 24, v008A25E0_0, 8; Only need 8 of 128 bits
; Save base=24 wid=8 in lookaside.
    %xor 16, 24, 8;
    %set/v v008A2588_0, 16, 8;
    %fork TD_testbench.AES.pre_process.X2, S_0086D840;
    %join;
    %load/v  16, v008A2320_0, 8;
    %set/v v008A2588_0, 16, 8;
    %fork TD_testbench.AES.pre_process.X2, S_0086D840;
    %join;
    %load/v  16, v008A2320_0, 8;
    %xor 8, 16, 8;
    %ix/load 0, 16, 0;
    %set/x0 v008A2950_0, 8, 8;
    %ix/load 1, 8, 0;
    %mov 4, 0, 1;
    %jmp/1 T_7.82, 4;
    %load/x1p 8, v008A25E0_0, 8;
    %jmp T_7.83;
T_7.82 ;
    %mov 8, 2, 8;
T_7.83 ;
; Save base=8 wid=8 in lookaside.
    %ix/load 1, 8, 0;
    %mov 4, 0, 1;
    %jmp/1 T_7.84, 4;
    %load/x1p 16, v008A25E0_0, 8;
    %jmp T_7.85;
T_7.84 ;
    %mov 16, 2, 8;
T_7.85 ;
; Save base=16 wid=8 in lookaside.
    %ix/load 1, 24, 0;
    %mov 4, 0, 1;
    %jmp/1 T_7.86, 4;
    %load/x1p 24, v008A25E0_0, 8;
    %jmp T_7.87;
T_7.86 ;
    %mov 24, 2, 8;
T_7.87 ;
; Save base=24 wid=8 in lookaside.
    %xor 16, 24, 8;
    %set/v v008A2588_0, 16, 8;
    %fork TD_testbench.AES.pre_process.X2, S_0086D840;
    %join;
    %load/v  16, v008A2320_0, 8;
    %set/v v008A2588_0, 16, 8;
    %fork TD_testbench.AES.pre_process.X2, S_0086D840;
    %join;
    %load/v  16, v008A2320_0, 8;
    %xor 8, 16, 8;
    %ix/load 0, 8, 0;
    %set/x0 v008A2950_0, 8, 8;
    %load/v 8, v008A25E0_0, 8; Only need 8 of 128 bits
; Save base=8 wid=8 in lookaside.
    %load/v 16, v008A25E0_0, 8; Only need 8 of 128 bits
; Save base=16 wid=8 in lookaside.
    %ix/load 1, 16, 0;
    %mov 4, 0, 1;
    %jmp/1 T_7.88, 4;
    %load/x1p 24, v008A25E0_0, 8;
    %jmp T_7.89;
T_7.88 ;
    %mov 24, 2, 8;
T_7.89 ;
; Save base=24 wid=8 in lookaside.
    %xor 16, 24, 8;
    %set/v v008A2588_0, 16, 8;
    %fork TD_testbench.AES.pre_process.X2, S_0086D840;
    %join;
    %load/v  16, v008A2320_0, 8;
    %set/v v008A2588_0, 16, 8;
    %fork TD_testbench.AES.pre_process.X2, S_0086D840;
    %join;
    %load/v  16, v008A2320_0, 8;
    %xor 8, 16, 8;
    %ix/load 0, 0, 0;
    %set/x0 v008A2950_0, 8, 8;
    %jmp T_7;
    .thread T_7, $push;
    .scope S_0086DE18;
T_8 ;
    %wait E_00828250;
    %ix/load 1, 120, 0;
    %mov 4, 0, 1;
    %jmp/1 T_8.0, 4;
    %load/x1p 8, v008A27F0_0, 8;
    %jmp T_8.1;
T_8.0 ;
    %mov 8, 2, 8;
T_8.1 ;
; Save base=8 wid=8 in lookaside.
    %ix/load 1, 112, 0;
    %mov 4, 0, 1;
    %jmp/1 T_8.2, 4;
    %load/x1p 16, v008A27F0_0, 8;
    %jmp T_8.3;
T_8.2 ;
    %mov 16, 2, 8;
T_8.3 ;
; Save base=16 wid=8 in lookaside.
    %xor 8, 16, 8;
    %set/v v008A26E8_0, 8, 8;
    %fork TD_testbench.AES.inv_mixcolumns.X2, S_0086D510;
    %join;
    %load/v  8, v008A2690_0, 8;
    %ix/load 1, 104, 0;
    %mov 4, 0, 1;
    %jmp/1 T_8.4, 4;
    %load/x1p 16, v008A27F0_0, 8;
    %jmp T_8.5;
T_8.4 ;
    %mov 16, 2, 8;
T_8.5 ;
; Save base=16 wid=8 in lookaside.
    %ix/load 1, 96, 0;
    %mov 4, 0, 1;
    %jmp/1 T_8.6, 4;
    %load/x1p 24, v008A27F0_0, 8;
    %jmp T_8.7;
T_8.6 ;
    %mov 24, 2, 8;
T_8.7 ;
; Save base=24 wid=8 in lookaside.
    %xor 16, 24, 8;
    %ix/load 1, 112, 0;
    %mov 4, 0, 1;
    %jmp/1 T_8.8, 4;
    %load/x1p 24, v008A27F0_0, 8;
    %jmp T_8.9;
T_8.8 ;
    %mov 24, 2, 8;
T_8.9 ;
; Save base=24 wid=8 in lookaside.
    %xor 16, 24, 8;
    %xor 8, 16, 8;
    %ix/load 0, 120, 0;
    %set/x0 v008A23D0_0, 8, 8;
    %ix/load 1, 88, 0;
    %mov 4, 0, 1;
    %jmp/1 T_8.10, 4;
    %load/x1p 8, v008A27F0_0, 8;
    %jmp T_8.11;
T_8.10 ;
    %mov 8, 2, 8;
T_8.11 ;
; Save base=8 wid=8 in lookaside.
    %ix/load 1, 80, 0;
    %mov 4, 0, 1;
    %jmp/1 T_8.12, 4;
    %load/x1p 16, v008A27F0_0, 8;
    %jmp T_8.13;
T_8.12 ;
    %mov 16, 2, 8;
T_8.13 ;
; Save base=16 wid=8 in lookaside.
    %xor 8, 16, 8;
    %set/v v008A26E8_0, 8, 8;
    %fork TD_testbench.AES.inv_mixcolumns.X2, S_0086D510;
    %join;
    %load/v  8, v008A2690_0, 8;
    %ix/load 1, 72, 0;
    %mov 4, 0, 1;
    %jmp/1 T_8.14, 4;
    %load/x1p 16, v008A27F0_0, 8;
    %jmp T_8.15;
T_8.14 ;
    %mov 16, 2, 8;
T_8.15 ;
; Save base=16 wid=8 in lookaside.
    %ix/load 1, 64, 0;
    %mov 4, 0, 1;
    %jmp/1 T_8.16, 4;
    %load/x1p 24, v008A27F0_0, 8;
    %jmp T_8.17;
T_8.16 ;
    %mov 24, 2, 8;
T_8.17 ;
; Save base=24 wid=8 in lookaside.
    %xor 16, 24, 8;
    %ix/load 1, 80, 0;
    %mov 4, 0, 1;
    %jmp/1 T_8.18, 4;
    %load/x1p 24, v008A27F0_0, 8;
    %jmp T_8.19;
T_8.18 ;
    %mov 24, 2, 8;
T_8.19 ;
; Save base=24 wid=8 in lookaside.
    %xor 16, 24, 8;
    %xor 8, 16, 8;
    %ix/load 0, 88, 0;
    %set/x0 v008A23D0_0, 8, 8;
    %ix/load 1, 56, 0;
    %mov 4, 0, 1;
    %jmp/1 T_8.20, 4;
    %load/x1p 8, v008A27F0_0, 8;
    %jmp T_8.21;
T_8.20 ;
    %mov 8, 2, 8;
T_8.21 ;
; Save base=8 wid=8 in lookaside.
    %ix/load 1, 48, 0;
    %mov 4, 0, 1;
    %jmp/1 T_8.22, 4;
    %load/x1p 16, v008A27F0_0, 8;
    %jmp T_8.23;
T_8.22 ;
    %mov 16, 2, 8;
T_8.23 ;
; Save base=16 wid=8 in lookaside.
    %xor 8, 16, 8;
    %set/v v008A26E8_0, 8, 8;
    %fork TD_testbench.AES.inv_mixcolumns.X2, S_0086D510;
    %join;
    %load/v  8, v008A2690_0, 8;
    %ix/load 1, 40, 0;
    %mov 4, 0, 1;
    %jmp/1 T_8.24, 4;
    %load/x1p 16, v008A27F0_0, 8;
    %jmp T_8.25;
T_8.24 ;
    %mov 16, 2, 8;
T_8.25 ;
; Save base=16 wid=8 in lookaside.
    %ix/load 1, 32, 0;
    %mov 4, 0, 1;
    %jmp/1 T_8.26, 4;
    %load/x1p 24, v008A27F0_0, 8;
    %jmp T_8.27;
T_8.26 ;
    %mov 24, 2, 8;
T_8.27 ;
; Save base=24 wid=8 in lookaside.
    %xor 16, 24, 8;
    %ix/load 1, 48, 0;
    %mov 4, 0, 1;
    %jmp/1 T_8.28, 4;
    %load/x1p 24, v008A27F0_0, 8;
    %jmp T_8.29;
T_8.28 ;
    %mov 24, 2, 8;
T_8.29 ;
; Save base=24 wid=8 in lookaside.
    %xor 16, 24, 8;
    %xor 8, 16, 8;
    %ix/load 0, 56, 0;
    %set/x0 v008A23D0_0, 8, 8;
    %ix/load 1, 24, 0;
    %mov 4, 0, 1;
    %jmp/1 T_8.30, 4;
    %load/x1p 8, v008A27F0_0, 8;
    %jmp T_8.31;
T_8.30 ;
    %mov 8, 2, 8;
T_8.31 ;
; Save base=8 wid=8 in lookaside.
    %ix/load 1, 16, 0;
    %mov 4, 0, 1;
    %jmp/1 T_8.32, 4;
    %load/x1p 16, v008A27F0_0, 8;
    %jmp T_8.33;
T_8.32 ;
    %mov 16, 2, 8;
T_8.33 ;
; Save base=16 wid=8 in lookaside.
    %xor 8, 16, 8;
    %set/v v008A26E8_0, 8, 8;
    %fork TD_testbench.AES.inv_mixcolumns.X2, S_0086D510;
    %join;
    %load/v  8, v008A2690_0, 8;
    %ix/load 1, 8, 0;
    %mov 4, 0, 1;
    %jmp/1 T_8.34, 4;
    %load/x1p 16, v008A27F0_0, 8;
    %jmp T_8.35;
T_8.34 ;
    %mov 16, 2, 8;
T_8.35 ;
; Save base=16 wid=8 in lookaside.
    %load/v 24, v008A27F0_0, 8; Only need 8 of 128 bits
; Save base=24 wid=8 in lookaside.
    %xor 16, 24, 8;
    %ix/load 1, 16, 0;
    %mov 4, 0, 1;
    %jmp/1 T_8.36, 4;
    %load/x1p 24, v008A27F0_0, 8;
    %jmp T_8.37;
T_8.36 ;
    %mov 24, 2, 8;
T_8.37 ;
; Save base=24 wid=8 in lookaside.
    %xor 16, 24, 8;
    %xor 8, 16, 8;
    %ix/load 0, 24, 0;
    %set/x0 v008A23D0_0, 8, 8;
    %ix/load 1, 112, 0;
    %mov 4, 0, 1;
    %jmp/1 T_8.38, 4;
    %load/x1p 8, v008A27F0_0, 8;
    %jmp T_8.39;
T_8.38 ;
    %mov 8, 2, 8;
T_8.39 ;
; Save base=8 wid=8 in lookaside.
    %ix/load 1, 104, 0;
    %mov 4, 0, 1;
    %jmp/1 T_8.40, 4;
    %load/x1p 16, v008A27F0_0, 8;
    %jmp T_8.41;
T_8.40 ;
    %mov 16, 2, 8;
T_8.41 ;
; Save base=16 wid=8 in lookaside.
    %xor 8, 16, 8;
    %set/v v008A26E8_0, 8, 8;
    %fork TD_testbench.AES.inv_mixcolumns.X2, S_0086D510;
    %join;
    %load/v  8, v008A2690_0, 8;
    %ix/load 1, 120, 0;
    %mov 4, 0, 1;
    %jmp/1 T_8.42, 4;
    %load/x1p 16, v008A27F0_0, 8;
    %jmp T_8.43;
T_8.42 ;
    %mov 16, 2, 8;
T_8.43 ;
; Save base=16 wid=8 in lookaside.
    %ix/load 1, 104, 0;
    %mov 4, 0, 1;
    %jmp/1 T_8.44, 4;
    %load/x1p 24, v008A27F0_0, 8;
    %jmp T_8.45;
T_8.44 ;
    %mov 24, 2, 8;
T_8.45 ;
; Save base=24 wid=8 in lookaside.
    %xor 16, 24, 8;
    %ix/load 1, 96, 0;
    %mov 4, 0, 1;
    %jmp/1 T_8.46, 4;
    %load/x1p 24, v008A27F0_0, 8;
    %jmp T_8.47;
T_8.46 ;
    %mov 24, 2, 8;
T_8.47 ;
; Save base=24 wid=8 in lookaside.
    %xor 16, 24, 8;
    %xor 8, 16, 8;
    %ix/load 0, 112, 0;
    %set/x0 v008A23D0_0, 8, 8;
    %ix/load 1, 80, 0;
    %mov 4, 0, 1;
    %jmp/1 T_8.48, 4;
    %load/x1p 8, v008A27F0_0, 8;
    %jmp T_8.49;
T_8.48 ;
    %mov 8, 2, 8;
T_8.49 ;
; Save base=8 wid=8 in lookaside.
    %ix/load 1, 72, 0;
    %mov 4, 0, 1;
    %jmp/1 T_8.50, 4;
    %load/x1p 16, v008A27F0_0, 8;
    %jmp T_8.51;
T_8.50 ;
    %mov 16, 2, 8;
T_8.51 ;
; Save base=16 wid=8 in lookaside.
    %xor 8, 16, 8;
    %set/v v008A26E8_0, 8, 8;
    %fork TD_testbench.AES.inv_mixcolumns.X2, S_0086D510;
    %join;
    %load/v  8, v008A2690_0, 8;
    %ix/load 1, 88, 0;
    %mov 4, 0, 1;
    %jmp/1 T_8.52, 4;
    %load/x1p 16, v008A27F0_0, 8;
    %jmp T_8.53;
T_8.52 ;
    %mov 16, 2, 8;
T_8.53 ;
; Save base=16 wid=8 in lookaside.
    %ix/load 1, 72, 0;
    %mov 4, 0, 1;
    %jmp/1 T_8.54, 4;
    %load/x1p 24, v008A27F0_0, 8;
    %jmp T_8.55;
T_8.54 ;
    %mov 24, 2, 8;
T_8.55 ;
; Save base=24 wid=8 in lookaside.
    %xor 16, 24, 8;
    %ix/load 1, 64, 0;
    %mov 4, 0, 1;
    %jmp/1 T_8.56, 4;
    %load/x1p 24, v008A27F0_0, 8;
    %jmp T_8.57;
T_8.56 ;
    %mov 24, 2, 8;
T_8.57 ;
; Save base=24 wid=8 in lookaside.
    %xor 16, 24, 8;
    %xor 8, 16, 8;
    %ix/load 0, 80, 0;
    %set/x0 v008A23D0_0, 8, 8;
    %ix/load 1, 48, 0;
    %mov 4, 0, 1;
    %jmp/1 T_8.58, 4;
    %load/x1p 8, v008A27F0_0, 8;
    %jmp T_8.59;
T_8.58 ;
    %mov 8, 2, 8;
T_8.59 ;
; Save base=8 wid=8 in lookaside.
    %ix/load 1, 40, 0;
    %mov 4, 0, 1;
    %jmp/1 T_8.60, 4;
    %load/x1p 16, v008A27F0_0, 8;
    %jmp T_8.61;
T_8.60 ;
    %mov 16, 2, 8;
T_8.61 ;
; Save base=16 wid=8 in lookaside.
    %xor 8, 16, 8;
    %set/v v008A26E8_0, 8, 8;
    %fork TD_testbench.AES.inv_mixcolumns.X2, S_0086D510;
    %join;
    %load/v  8, v008A2690_0, 8;
    %ix/load 1, 56, 0;
    %mov 4, 0, 1;
    %jmp/1 T_8.62, 4;
    %load/x1p 16, v008A27F0_0, 8;
    %jmp T_8.63;
T_8.62 ;
    %mov 16, 2, 8;
T_8.63 ;
; Save base=16 wid=8 in lookaside.
    %ix/load 1, 40, 0;
    %mov 4, 0, 1;
    %jmp/1 T_8.64, 4;
    %load/x1p 24, v008A27F0_0, 8;
    %jmp T_8.65;
T_8.64 ;
    %mov 24, 2, 8;
T_8.65 ;
; Save base=24 wid=8 in lookaside.
    %xor 16, 24, 8;
    %ix/load 1, 32, 0;
    %mov 4, 0, 1;
    %jmp/1 T_8.66, 4;
    %load/x1p 24, v008A27F0_0, 8;
    %jmp T_8.67;
T_8.66 ;
    %mov 24, 2, 8;
T_8.67 ;
; Save base=24 wid=8 in lookaside.
    %xor 16, 24, 8;
    %xor 8, 16, 8;
    %ix/load 0, 48, 0;
    %set/x0 v008A23D0_0, 8, 8;
    %ix/load 1, 16, 0;
    %mov 4, 0, 1;
    %jmp/1 T_8.68, 4;
    %load/x1p 8, v008A27F0_0, 8;
    %jmp T_8.69;
T_8.68 ;
    %mov 8, 2, 8;
T_8.69 ;
; Save base=8 wid=8 in lookaside.
    %ix/load 1, 8, 0;
    %mov 4, 0, 1;
    %jmp/1 T_8.70, 4;
    %load/x1p 16, v008A27F0_0, 8;
    %jmp T_8.71;
T_8.70 ;
    %mov 16, 2, 8;
T_8.71 ;
; Save base=16 wid=8 in lookaside.
    %xor 8, 16, 8;
    %set/v v008A26E8_0, 8, 8;
    %fork TD_testbench.AES.inv_mixcolumns.X2, S_0086D510;
    %join;
    %load/v  8, v008A2690_0, 8;
    %ix/load 1, 24, 0;
    %mov 4, 0, 1;
    %jmp/1 T_8.72, 4;
    %load/x1p 16, v008A27F0_0, 8;
    %jmp T_8.73;
T_8.72 ;
    %mov 16, 2, 8;
T_8.73 ;
; Save base=16 wid=8 in lookaside.
    %ix/load 1, 8, 0;
    %mov 4, 0, 1;
    %jmp/1 T_8.74, 4;
    %load/x1p 24, v008A27F0_0, 8;
    %jmp T_8.75;
T_8.74 ;
    %mov 24, 2, 8;
T_8.75 ;
; Save base=24 wid=8 in lookaside.
    %xor 16, 24, 8;
    %load/v 24, v008A27F0_0, 8; Only need 8 of 128 bits
; Save base=24 wid=8 in lookaside.
    %xor 16, 24, 8;
    %xor 8, 16, 8;
    %ix/load 0, 16, 0;
    %set/x0 v008A23D0_0, 8, 8;
    %ix/load 1, 104, 0;
    %mov 4, 0, 1;
    %jmp/1 T_8.76, 4;
    %load/x1p 8, v008A27F0_0, 8;
    %jmp T_8.77;
T_8.76 ;
    %mov 8, 2, 8;
T_8.77 ;
; Save base=8 wid=8 in lookaside.
    %ix/load 1, 96, 0;
    %mov 4, 0, 1;
    %jmp/1 T_8.78, 4;
    %load/x1p 16, v008A27F0_0, 8;
    %jmp T_8.79;
T_8.78 ;
    %mov 16, 2, 8;
T_8.79 ;
; Save base=16 wid=8 in lookaside.
    %xor 8, 16, 8;
    %set/v v008A26E8_0, 8, 8;
    %fork TD_testbench.AES.inv_mixcolumns.X2, S_0086D510;
    %join;
    %load/v  8, v008A2690_0, 8;
    %ix/load 1, 120, 0;
    %mov 4, 0, 1;
    %jmp/1 T_8.80, 4;
    %load/x1p 16, v008A27F0_0, 8;
    %jmp T_8.81;
T_8.80 ;
    %mov 16, 2, 8;
T_8.81 ;
; Save base=16 wid=8 in lookaside.
    %ix/load 1, 112, 0;
    %mov 4, 0, 1;
    %jmp/1 T_8.82, 4;
    %load/x1p 24, v008A27F0_0, 8;
    %jmp T_8.83;
T_8.82 ;
    %mov 24, 2, 8;
T_8.83 ;
; Save base=24 wid=8 in lookaside.
    %xor 16, 24, 8;
    %ix/load 1, 96, 0;
    %mov 4, 0, 1;
    %jmp/1 T_8.84, 4;
    %load/x1p 24, v008A27F0_0, 8;
    %jmp T_8.85;
T_8.84 ;
    %mov 24, 2, 8;
T_8.85 ;
; Save base=24 wid=8 in lookaside.
    %xor 16, 24, 8;
    %xor 8, 16, 8;
    %ix/load 0, 104, 0;
    %set/x0 v008A23D0_0, 8, 8;
    %ix/load 1, 72, 0;
    %mov 4, 0, 1;
    %jmp/1 T_8.86, 4;
    %load/x1p 8, v008A27F0_0, 8;
    %jmp T_8.87;
T_8.86 ;
    %mov 8, 2, 8;
T_8.87 ;
; Save base=8 wid=8 in lookaside.
    %ix/load 1, 64, 0;
    %mov 4, 0, 1;
    %jmp/1 T_8.88, 4;
    %load/x1p 16, v008A27F0_0, 8;
    %jmp T_8.89;
T_8.88 ;
    %mov 16, 2, 8;
T_8.89 ;
; Save base=16 wid=8 in lookaside.
    %xor 8, 16, 8;
    %set/v v008A26E8_0, 8, 8;
    %fork TD_testbench.AES.inv_mixcolumns.X2, S_0086D510;
    %join;
    %load/v  8, v008A2690_0, 8;
    %ix/load 1, 88, 0;
    %mov 4, 0, 1;
    %jmp/1 T_8.90, 4;
    %load/x1p 16, v008A27F0_0, 8;
    %jmp T_8.91;
T_8.90 ;
    %mov 16, 2, 8;
T_8.91 ;
; Save base=16 wid=8 in lookaside.
    %ix/load 1, 80, 0;
    %mov 4, 0, 1;
    %jmp/1 T_8.92, 4;
    %load/x1p 24, v008A27F0_0, 8;
    %jmp T_8.93;
T_8.92 ;
    %mov 24, 2, 8;
T_8.93 ;
; Save base=24 wid=8 in lookaside.
    %xor 16, 24, 8;
    %ix/load 1, 64, 0;
    %mov 4, 0, 1;
    %jmp/1 T_8.94, 4;
    %load/x1p 24, v008A27F0_0, 8;
    %jmp T_8.95;
T_8.94 ;
    %mov 24, 2, 8;
T_8.95 ;
; Save base=24 wid=8 in lookaside.
    %xor 16, 24, 8;
    %xor 8, 16, 8;
    %ix/load 0, 72, 0;
    %set/x0 v008A23D0_0, 8, 8;
    %ix/load 1, 40, 0;
    %mov 4, 0, 1;
    %jmp/1 T_8.96, 4;
    %load/x1p 8, v008A27F0_0, 8;
    %jmp T_8.97;
T_8.96 ;
    %mov 8, 2, 8;
T_8.97 ;
; Save base=8 wid=8 in lookaside.
    %ix/load 1, 32, 0;
    %mov 4, 0, 1;
    %jmp/1 T_8.98, 4;
    %load/x1p 16, v008A27F0_0, 8;
    %jmp T_8.99;
T_8.98 ;
    %mov 16, 2, 8;
T_8.99 ;
; Save base=16 wid=8 in lookaside.
    %xor 8, 16, 8;
    %set/v v008A26E8_0, 8, 8;
    %fork TD_testbench.AES.inv_mixcolumns.X2, S_0086D510;
    %join;
    %load/v  8, v008A2690_0, 8;
    %ix/load 1, 56, 0;
    %mov 4, 0, 1;
    %jmp/1 T_8.100, 4;
    %load/x1p 16, v008A27F0_0, 8;
    %jmp T_8.101;
T_8.100 ;
    %mov 16, 2, 8;
T_8.101 ;
; Save base=16 wid=8 in lookaside.
    %ix/load 1, 48, 0;
    %mov 4, 0, 1;
    %jmp/1 T_8.102, 4;
    %load/x1p 24, v008A27F0_0, 8;
    %jmp T_8.103;
T_8.102 ;
    %mov 24, 2, 8;
T_8.103 ;
; Save base=24 wid=8 in lookaside.
    %xor 16, 24, 8;
    %ix/load 1, 32, 0;
    %mov 4, 0, 1;
    %jmp/1 T_8.104, 4;
    %load/x1p 24, v008A27F0_0, 8;
    %jmp T_8.105;
T_8.104 ;
    %mov 24, 2, 8;
T_8.105 ;
; Save base=24 wid=8 in lookaside.
    %xor 16, 24, 8;
    %xor 8, 16, 8;
    %ix/load 0, 40, 0;
    %set/x0 v008A23D0_0, 8, 8;
    %ix/load 1, 8, 0;
    %mov 4, 0, 1;
    %jmp/1 T_8.106, 4;
    %load/x1p 8, v008A27F0_0, 8;
    %jmp T_8.107;
T_8.106 ;
    %mov 8, 2, 8;
T_8.107 ;
; Save base=8 wid=8 in lookaside.
    %load/v 16, v008A27F0_0, 8; Only need 8 of 128 bits
; Save base=16 wid=8 in lookaside.
    %xor 8, 16, 8;
    %set/v v008A26E8_0, 8, 8;
    %fork TD_testbench.AES.inv_mixcolumns.X2, S_0086D510;
    %join;
    %load/v  8, v008A2690_0, 8;
    %ix/load 1, 24, 0;
    %mov 4, 0, 1;
    %jmp/1 T_8.108, 4;
    %load/x1p 16, v008A27F0_0, 8;
    %jmp T_8.109;
T_8.108 ;
    %mov 16, 2, 8;
T_8.109 ;
; Save base=16 wid=8 in lookaside.
    %ix/load 1, 16, 0;
    %mov 4, 0, 1;
    %jmp/1 T_8.110, 4;
    %load/x1p 24, v008A27F0_0, 8;
    %jmp T_8.111;
T_8.110 ;
    %mov 24, 2, 8;
T_8.111 ;
; Save base=24 wid=8 in lookaside.
    %xor 16, 24, 8;
    %load/v 24, v008A27F0_0, 8; Only need 8 of 128 bits
; Save base=24 wid=8 in lookaside.
    %xor 16, 24, 8;
    %xor 8, 16, 8;
    %ix/load 0, 8, 0;
    %set/x0 v008A23D0_0, 8, 8;
    %ix/load 1, 120, 0;
    %mov 4, 0, 1;
    %jmp/1 T_8.112, 4;
    %load/x1p 8, v008A27F0_0, 8;
    %jmp T_8.113;
T_8.112 ;
    %mov 8, 2, 8;
T_8.113 ;
; Save base=8 wid=8 in lookaside.
    %ix/load 1, 96, 0;
    %mov 4, 0, 1;
    %jmp/1 T_8.114, 4;
    %load/x1p 16, v008A27F0_0, 8;
    %jmp T_8.115;
T_8.114 ;
    %mov 16, 2, 8;
T_8.115 ;
; Save base=16 wid=8 in lookaside.
    %xor 8, 16, 8;
    %set/v v008A26E8_0, 8, 8;
    %fork TD_testbench.AES.inv_mixcolumns.X2, S_0086D510;
    %join;
    %load/v  8, v008A2690_0, 8;
    %ix/load 1, 120, 0;
    %mov 4, 0, 1;
    %jmp/1 T_8.116, 4;
    %load/x1p 16, v008A27F0_0, 8;
    %jmp T_8.117;
T_8.116 ;
    %mov 16, 2, 8;
T_8.117 ;
; Save base=16 wid=8 in lookaside.
    %ix/load 1, 112, 0;
    %mov 4, 0, 1;
    %jmp/1 T_8.118, 4;
    %load/x1p 24, v008A27F0_0, 8;
    %jmp T_8.119;
T_8.118 ;
    %mov 24, 2, 8;
T_8.119 ;
; Save base=24 wid=8 in lookaside.
    %xor 16, 24, 8;
    %ix/load 1, 104, 0;
    %mov 4, 0, 1;
    %jmp/1 T_8.120, 4;
    %load/x1p 24, v008A27F0_0, 8;
    %jmp T_8.121;
T_8.120 ;
    %mov 24, 2, 8;
T_8.121 ;
; Save base=24 wid=8 in lookaside.
    %xor 16, 24, 8;
    %xor 8, 16, 8;
    %ix/load 0, 96, 0;
    %set/x0 v008A23D0_0, 8, 8;
    %ix/load 1, 88, 0;
    %mov 4, 0, 1;
    %jmp/1 T_8.122, 4;
    %load/x1p 8, v008A27F0_0, 8;
    %jmp T_8.123;
T_8.122 ;
    %mov 8, 2, 8;
T_8.123 ;
; Save base=8 wid=8 in lookaside.
    %ix/load 1, 64, 0;
    %mov 4, 0, 1;
    %jmp/1 T_8.124, 4;
    %load/x1p 16, v008A27F0_0, 8;
    %jmp T_8.125;
T_8.124 ;
    %mov 16, 2, 8;
T_8.125 ;
; Save base=16 wid=8 in lookaside.
    %xor 8, 16, 8;
    %set/v v008A26E8_0, 8, 8;
    %fork TD_testbench.AES.inv_mixcolumns.X2, S_0086D510;
    %join;
    %load/v  8, v008A2690_0, 8;
    %ix/load 1, 88, 0;
    %mov 4, 0, 1;
    %jmp/1 T_8.126, 4;
    %load/x1p 16, v008A27F0_0, 8;
    %jmp T_8.127;
T_8.126 ;
    %mov 16, 2, 8;
T_8.127 ;
; Save base=16 wid=8 in lookaside.
    %ix/load 1, 80, 0;
    %mov 4, 0, 1;
    %jmp/1 T_8.128, 4;
    %load/x1p 24, v008A27F0_0, 8;
    %jmp T_8.129;
T_8.128 ;
    %mov 24, 2, 8;
T_8.129 ;
; Save base=24 wid=8 in lookaside.
    %xor 16, 24, 8;
    %ix/load 1, 72, 0;
    %mov 4, 0, 1;
    %jmp/1 T_8.130, 4;
    %load/x1p 24, v008A27F0_0, 8;
    %jmp T_8.131;
T_8.130 ;
    %mov 24, 2, 8;
T_8.131 ;
; Save base=24 wid=8 in lookaside.
    %xor 16, 24, 8;
    %xor 8, 16, 8;
    %ix/load 0, 64, 0;
    %set/x0 v008A23D0_0, 8, 8;
    %ix/load 1, 56, 0;
    %mov 4, 0, 1;
    %jmp/1 T_8.132, 4;
    %load/x1p 8, v008A27F0_0, 8;
    %jmp T_8.133;
T_8.132 ;
    %mov 8, 2, 8;
T_8.133 ;
; Save base=8 wid=8 in lookaside.
    %ix/load 1, 32, 0;
    %mov 4, 0, 1;
    %jmp/1 T_8.134, 4;
    %load/x1p 16, v008A27F0_0, 8;
    %jmp T_8.135;
T_8.134 ;
    %mov 16, 2, 8;
T_8.135 ;
; Save base=16 wid=8 in lookaside.
    %xor 8, 16, 8;
    %set/v v008A26E8_0, 8, 8;
    %fork TD_testbench.AES.inv_mixcolumns.X2, S_0086D510;
    %join;
    %load/v  8, v008A2690_0, 8;
    %ix/load 1, 56, 0;
    %mov 4, 0, 1;
    %jmp/1 T_8.136, 4;
    %load/x1p 16, v008A27F0_0, 8;
    %jmp T_8.137;
T_8.136 ;
    %mov 16, 2, 8;
T_8.137 ;
; Save base=16 wid=8 in lookaside.
    %ix/load 1, 48, 0;
    %mov 4, 0, 1;
    %jmp/1 T_8.138, 4;
    %load/x1p 24, v008A27F0_0, 8;
    %jmp T_8.139;
T_8.138 ;
    %mov 24, 2, 8;
T_8.139 ;
; Save base=24 wid=8 in lookaside.
    %xor 16, 24, 8;
    %ix/load 1, 40, 0;
    %mov 4, 0, 1;
    %jmp/1 T_8.140, 4;
    %load/x1p 24, v008A27F0_0, 8;
    %jmp T_8.141;
T_8.140 ;
    %mov 24, 2, 8;
T_8.141 ;
; Save base=24 wid=8 in lookaside.
    %xor 16, 24, 8;
    %xor 8, 16, 8;
    %ix/load 0, 32, 0;
    %set/x0 v008A23D0_0, 8, 8;
    %ix/load 1, 24, 0;
    %mov 4, 0, 1;
    %jmp/1 T_8.142, 4;
    %load/x1p 8, v008A27F0_0, 8;
    %jmp T_8.143;
T_8.142 ;
    %mov 8, 2, 8;
T_8.143 ;
; Save base=8 wid=8 in lookaside.
    %load/v 16, v008A27F0_0, 8; Only need 8 of 128 bits
; Save base=16 wid=8 in lookaside.
    %xor 8, 16, 8;
    %set/v v008A26E8_0, 8, 8;
    %fork TD_testbench.AES.inv_mixcolumns.X2, S_0086D510;
    %join;
    %load/v  8, v008A2690_0, 8;
    %ix/load 1, 24, 0;
    %mov 4, 0, 1;
    %jmp/1 T_8.144, 4;
    %load/x1p 16, v008A27F0_0, 8;
    %jmp T_8.145;
T_8.144 ;
    %mov 16, 2, 8;
T_8.145 ;
; Save base=16 wid=8 in lookaside.
    %ix/load 1, 16, 0;
    %mov 4, 0, 1;
    %jmp/1 T_8.146, 4;
    %load/x1p 24, v008A27F0_0, 8;
    %jmp T_8.147;
T_8.146 ;
    %mov 24, 2, 8;
T_8.147 ;
; Save base=24 wid=8 in lookaside.
    %xor 16, 24, 8;
    %ix/load 1, 8, 0;
    %mov 4, 0, 1;
    %jmp/1 T_8.148, 4;
    %load/x1p 24, v008A27F0_0, 8;
    %jmp T_8.149;
T_8.148 ;
    %mov 24, 2, 8;
T_8.149 ;
; Save base=24 wid=8 in lookaside.
    %xor 16, 24, 8;
    %xor 8, 16, 8;
    %ix/load 0, 0, 0;
    %set/x0 v008A23D0_0, 8, 8;
    %jmp T_8;
    .thread T_8, $push;
    .scope S_0086D8C8;
T_9 ;
    %wait E_00827910;
    %load/v 8, v008A2270_0, 1;
    %inv 8, 1;
    %jmp/0xz  T_9.0, 8;
    %ix/load 1, 96, 0;
    %mov 4, 0, 1;
    %jmp/1 T_9.2, 4;
    %load/x1p 8, v008A2AB0_0, 32;
    %jmp T_9.3;
T_9.2 ;
    %mov 8, 2, 32;
T_9.3 ;
; Save base=8 wid=32 in lookaside.
    %ix/load 0, 32, 0;
    %assign/v0 v008A2FD8_0, 0, 8;
    %ix/load 1, 64, 0;
    %mov 4, 0, 1;
    %jmp/1 T_9.4, 4;
    %load/x1p 8, v008A2AB0_0, 32;
    %jmp T_9.5;
T_9.4 ;
    %mov 8, 2, 32;
T_9.5 ;
; Save base=8 wid=32 in lookaside.
    %ix/load 0, 32, 0;
    %assign/v0 v008A2CC0_0, 0, 8;
    %ix/load 1, 32, 0;
    %mov 4, 0, 1;
    %jmp/1 T_9.6, 4;
    %load/x1p 8, v008A2AB0_0, 32;
    %jmp T_9.7;
T_9.6 ;
    %mov 8, 2, 32;
T_9.7 ;
; Save base=8 wid=32 in lookaside.
    %ix/load 0, 32, 0;
    %assign/v0 v008A2F28_0, 0, 8;
    %load/v 8, v008A2AB0_0, 32; Only need 32 of 128 bits
; Save base=8 wid=32 in lookaside.
    %ix/load 0, 32, 0;
    %assign/v0 v008A2BB8_0, 0, 8;
    %ix/load 0, 1, 0;
    %assign/v0 v008A2218_0, 0, 0;
    %jmp T_9.1;
T_9.0 ;
    %load/v 8, v008A2428_0, 128;
    %ix/getv 3, v008A2060_0;
    %jmp/1 t_0, 4;
    %ix/load 0, 128, 0; word width
    %ix/load 1, 0, 0; part off
    %assign/av v008A2C10, 0, 8;
t_0 ;
    %load/v 8, v008A2060_0, 4;
    %cmpi/u 8, 10, 4;
    %jmp/0xz  T_9.8, 4;
    %ix/load 0, 1, 0;
    %assign/v0 v008A2218_0, 0, 1;
    %ix/load 1, 96, 0;
    %mov 4, 0, 1;
    %jmp/1 T_9.10, 4;
    %load/x1p 8, v008A2AB0_0, 32;
    %jmp T_9.11;
T_9.10 ;
    %mov 8, 2, 32;
T_9.11 ;
; Save base=8 wid=32 in lookaside.
    %ix/load 0, 32, 0;
    %assign/v0 v008A2FD8_0, 0, 8;
    %ix/load 1, 64, 0;
    %mov 4, 0, 1;
    %jmp/1 T_9.12, 4;
    %load/x1p 8, v008A2AB0_0, 32;
    %jmp T_9.13;
T_9.12 ;
    %mov 8, 2, 32;
T_9.13 ;
; Save base=8 wid=32 in lookaside.
    %ix/load 0, 32, 0;
    %assign/v0 v008A2CC0_0, 0, 8;
    %ix/load 1, 32, 0;
    %mov 4, 0, 1;
    %jmp/1 T_9.14, 4;
    %load/x1p 8, v008A2AB0_0, 32;
    %jmp T_9.15;
T_9.14 ;
    %mov 8, 2, 32;
T_9.15 ;
; Save base=8 wid=32 in lookaside.
    %ix/load 0, 32, 0;
    %assign/v0 v008A2F28_0, 0, 8;
    %load/v 8, v008A2AB0_0, 32; Only need 32 of 128 bits
; Save base=8 wid=32 in lookaside.
    %ix/load 0, 32, 0;
    %assign/v0 v008A2BB8_0, 0, 8;
    %jmp T_9.9;
T_9.8 ;
    %ix/load 0, 1, 0;
    %assign/v0 v008A2218_0, 0, 0;
    %ix/load 1, 96, 0;
    %mov 4, 0, 1;
    %jmp/1 T_9.16, 4;
    %load/x1p 8, v008A2428_0, 32;
    %jmp T_9.17;
T_9.16 ;
    %mov 8, 2, 32;
T_9.17 ;
; Save base=8 wid=32 in lookaside.
    %ix/load 0, 32, 0;
    %assign/v0 v008A2FD8_0, 0, 8;
    %ix/load 1, 64, 0;
    %mov 4, 0, 1;
    %jmp/1 T_9.18, 4;
    %load/x1p 8, v008A2428_0, 32;
    %jmp T_9.19;
T_9.18 ;
    %mov 8, 2, 32;
T_9.19 ;
; Save base=8 wid=32 in lookaside.
    %ix/load 0, 32, 0;
    %assign/v0 v008A2CC0_0, 0, 8;
    %ix/load 1, 32, 0;
    %mov 4, 0, 1;
    %jmp/1 T_9.20, 4;
    %load/x1p 8, v008A2428_0, 32;
    %jmp T_9.21;
T_9.20 ;
    %mov 8, 2, 32;
T_9.21 ;
; Save base=8 wid=32 in lookaside.
    %ix/load 0, 32, 0;
    %assign/v0 v008A2F28_0, 0, 8;
    %load/v 8, v008A2428_0, 32; Only need 32 of 128 bits
; Save base=8 wid=32 in lookaside.
    %ix/load 0, 32, 0;
    %assign/v0 v008A2BB8_0, 0, 8;
T_9.9 ;
T_9.1 ;
    %jmp T_9;
    .thread T_9;
    .scope S_0086D8C8;
T_10 ;
    %wait E_00827910;
    %load/v 8, v008A2270_0, 1;
    %inv 8, 1;
    %jmp/0xz  T_10.0, 8;
    %ix/load 0, 4, 0;
    %assign/v0 v008A2060_0, 0, 0;
    %jmp T_10.1;
T_10.0 ;
    %load/v 8, v008A2060_0, 4;
    %cmpi/u 8, 10, 4;
    %jmp/0xz  T_10.2, 4;
    %movi 8, 10, 4;
    %ix/load 0, 4, 0;
    %assign/v0 v008A2060_0, 0, 8;
    %jmp T_10.3;
T_10.2 ;
    %ix/load 0, 1, 0;
    %load/vp0 8, v008A2060_0, 4;
    %ix/load 0, 4, 0;
    %assign/v0 v008A2060_0, 0, 8;
T_10.3 ;
T_10.1 ;
    %jmp T_10;
    .thread T_10;
    .scope S_0086D8C8;
T_11 ;
    %wait E_00827910;
    %load/v 8, v008A2270_0, 1;
    %inv 8, 1;
    %jmp/0xz  T_11.0, 8;
    %movi 8, 1, 8;
    %ix/load 0, 8, 0;
    %assign/v0 v008A2C68_0, 0, 8;
    %jmp T_11.1;
T_11.0 ;
    %load/v 8, v008A2C68_0, 8;
    %ix/load 0, 1, 0;
    %mov 4, 0, 1;
    %shiftl/i0  8, 8;
    %load/v 16, v008A2C68_0, 8;
    %ix/load 0, 7, 0;
    %mov 4, 0, 1;
    %shiftr/i0  16, 8;
    %inv 16, 8;
    %addi 16, 1, 8;
   %andi 16, 27, 8;
    %xor 8, 16, 8;
    %ix/load 0, 8, 0;
    %assign/v0 v008A2C68_0, 0, 8;
T_11.1 ;
    %jmp T_11;
    .thread T_11;
    .scope S_0086D8C8;
T_12 ;
    %wait E_00827F90;
    %load/v 8, v008A2FD8_0, 32;
    %ix/load 1, 24, 0;
    %mov 4, 0, 1;
    %jmp/1 T_12.0, 4;
    %load/x1p 72, v008A2ED0_0, 8;
    %jmp T_12.1;
T_12.0 ;
    %mov 72, 2, 8;
T_12.1 ;
    %mov 40, 72, 8; Move signal select into place
    %load/v 48, v008A2ED0_0, 8; Select 8 out of 32 bits
    %ix/load 1, 8, 0;
    %mov 4, 0, 1;
    %jmp/1 T_12.2, 4;
    %load/x1p 72, v008A2ED0_0, 8;
    %jmp T_12.3;
T_12.2 ;
    %mov 72, 2, 8;
T_12.3 ;
    %mov 56, 72, 8; Move signal select into place
    %ix/load 1, 16, 0;
    %mov 4, 0, 1;
    %jmp/1 T_12.4, 4;
    %load/x1p 72, v008A2ED0_0, 8;
    %jmp T_12.5;
T_12.4 ;
    %mov 72, 2, 8;
T_12.5 ;
    %mov 64, 72, 8; Move signal select into place
    %xor 8, 40, 32;
    %mov 40, 0, 24;
    %load/v 64, v008A2C68_0, 8;
    %xor 8, 40, 32;
   %ix/load 1, 0, 0;
   %ix/load 3, 0, 0;
   %set/av v008A2B60, 8, 32;
    %load/v 8, v008A2CC0_0, 32;
    %ix/load 3, 0, 0;
    %mov 4, 0, 1;
    %load/av 40, v008A2B60, 32;
    %xor 8, 40, 32;
   %ix/load 1, 0, 0;
   %ix/load 3, 1, 0;
   %set/av v008A2B60, 8, 32;
    %load/v 8, v008A2F28_0, 32;
    %ix/load 3, 1, 0;
    %mov 4, 0, 1;
    %load/av 40, v008A2B60, 32;
    %xor 8, 40, 32;
   %ix/load 1, 0, 0;
   %ix/load 3, 2, 0;
   %set/av v008A2B60, 8, 32;
    %load/v 8, v008A2BB8_0, 32;
    %ix/load 3, 2, 0;
    %mov 4, 0, 1;
    %load/av 40, v008A2B60, 32;
    %xor 8, 40, 32;
   %ix/load 1, 0, 0;
   %ix/load 3, 3, 0;
   %set/av v008A2B60, 8, 32;
    %ix/load 3, 3, 0;
    %mov 4, 0, 1;
    %load/av 8, v008A2B60, 32;
    %ix/load 3, 2, 0;
    %mov 4, 0, 1;
    %load/av 40, v008A2B60, 32;
    %ix/load 3, 1, 0;
    %mov 4, 0, 1;
    %load/av 72, v008A2B60, 32;
    %ix/load 3, 0, 0;
    %mov 4, 0, 1;
    %load/av 104, v008A2B60, 32;
    %set/v v008A2428_0, 8, 128;
    %jmp T_12;
    .thread T_12, $push;
    .scope S_0086DD08;
T_13 ;
    %wait E_00827910;
    %load/v 8, v008A1CC8_0, 1;
    %inv 8, 1;
    %jmp/0xz  T_13.0, 8;
    %ix/load 0, 2, 0;
    %assign/v0 v008A1E28_0, 0, 0;
    %ix/load 0, 4, 0;
    %assign/v0 v008A1AB8_0, 0, 0;
    %jmp T_13.1;
T_13.0 ;
    %load/v 8, v008A1DD0_0, 2;
    %ix/load 0, 2, 0;
    %assign/v0 v008A1E28_0, 0, 8;
    %load/v 8, v008A1DD0_0, 2;
    %mov 10, 0, 1;
    %cmpi/u 8, 0, 3;
    %jmp/0xz  T_13.2, 4;
    %ix/load 0, 4, 0;
    %assign/v0 v008A1AB8_0, 0, 0;
    %jmp T_13.3;
T_13.2 ;
    %ix/load 0, 1, 0;
    %load/vp0 8, v008A1AB8_0, 4;
    %ix/load 0, 4, 0;
    %assign/v0 v008A1AB8_0, 0, 8;
T_13.3 ;
T_13.1 ;
    %jmp T_13;
    .thread T_13;
    .scope S_0086DD08;
T_14 ;
    %wait E_00827C90;
    %load/v 8, v008A1E28_0, 2;
    %cmpi/u 8, 0, 2;
    %jmp/1 T_14.0, 6;
    %cmpi/u 8, 1, 2;
    %jmp/1 T_14.1, 6;
    %cmpi/u 8, 2, 2;
    %jmp/1 T_14.2, 6;
    %set/v v008A1C70_0, 2, 1;
    %set/v v008A1D20_0, 2, 1;
    %set/v v008A1D78_0, 2, 1;
    %set/v v008A19B0_0, 2, 1;
    %set/v v008A1DD0_0, 2, 2;
    %jmp T_14.4;
T_14.0 ;
    %load/v 8, v008A1B10_0, 1;
    %jmp/0  T_14.5, 8;
    %mov 9, 1, 1;
    %jmp/1  T_14.7, 8;
T_14.5 ; End of true expr.
    %jmp/0  T_14.6, 8;
 ; End of false expr.
    %blend  9, 0, 1; Condition unknown.
    %jmp  T_14.7;
T_14.6 ;
    %mov 9, 0, 1; Return false value
T_14.7 ;
    %set/v v008A1C70_0, 9, 1;
    %set/v v008A1D20_0, 0, 1;
    %set/v v008A1D78_0, 0, 1;
    %set/v v008A19B0_0, 0, 1;
    %load/v 8, v008A1B10_0, 1;
    %jmp/0  T_14.8, 8;
    %movi 9, 1, 2;
    %jmp/1  T_14.10, 8;
T_14.8 ; End of true expr.
    %jmp/0  T_14.9, 8;
 ; End of false expr.
    %blend  9, 0, 2; Condition unknown.
    %jmp  T_14.10;
T_14.9 ;
    %mov 9, 0, 2; Return false value
T_14.10 ;
    %set/v v008A1DD0_0, 9, 2;
    %jmp T_14.4;
T_14.1 ;
    %set/v v008A1C70_0, 0, 1;
    %set/v v008A1D20_0, 1, 1;
    %set/v v008A1D78_0, 1, 1;
    %set/v v008A19B0_0, 0, 1;
    %load/v 8, v008A1AB8_0, 4;
    %cmpi/u 8, 9, 4;
    %mov 8, 4, 1;
    %jmp/0  T_14.11, 8;
    %movi 9, 2, 2;
    %jmp/1  T_14.13, 8;
T_14.11 ; End of true expr.
    %movi 11, 1, 2;
    %jmp/0  T_14.12, 8;
 ; End of false expr.
    %blend  9, 11, 2; Condition unknown.
    %jmp  T_14.13;
T_14.12 ;
    %mov 9, 11, 2; Return false value
T_14.13 ;
    %set/v v008A1DD0_0, 9, 2;
    %jmp T_14.4;
T_14.2 ;
    %set/v v008A1C70_0, 0, 1;
    %set/v v008A1D20_0, 0, 1;
    %set/v v008A1D78_0, 0, 1;
    %set/v v008A19B0_0, 1, 1;
    %set/v v008A1DD0_0, 0, 2;
    %jmp T_14.4;
T_14.4 ;
    %jmp T_14;
    .thread T_14, $push;
    .scope S_0086D730;
T_15 ;
    %wait E_00826F10;
    %ix/getv 3, v008A1C18_0;
    %load/av 8, v008A1ED8, 128;
    %ix/load 0, 128, 0;
    %assign/v0 v008A1B68_0, 0, 8;
    %ix/load 3, 0, 0;
    %mov 4, 0, 1;
    %load/av 8, v008A1850, 128;
    %ix/load 0, 128, 0;
    %assign/v0 v008A1F88_0, 0, 8;
    %jmp T_15;
    .thread T_15;
    .scope S_0086DB70;
T_16 ;
    %wait E_00827270;
    %load/v 8, v008A18A8_0, 1;
    %jmp/0xz  T_16.0, 8;
    %load/v 8, v008A1A60_0, 128;
    %ix/load 0, 128, 0;
    %assign/v0 v008A1958_0, 0, 8;
    %load/v 8, v008A1A60_0, 128;
    %ix/getv 3, v008A1BC0_0;
    %jmp/1 t_1, 4;
    %ix/load 0, 128, 0; word width
    %ix/load 1, 0, 0; part off
    %assign/av v008A1A08, 0, 8;
t_1 ;
    %jmp T_16.1;
T_16.0 ;
    %ix/load 0, 128, 0;
    %assign/v0 v008A1958_0, 0, 2;
T_16.1 ;
    %jmp T_16;
    .thread T_16;
    .scope S_0086DFB0;
T_17 ;
    %wait E_00826F10;
    %load/v 136, v00834DD8_0, 8; Only need 8 of 128 bits
; Save base=136 wid=8 in lookaside.
    %ix/get 3, 136, 8;
    %load/av 8, v00831730, 8;
    %ix/load 1, 8, 0;
    %mov 4, 0, 1;
    %jmp/1 T_17.0, 4;
    %load/x1p 136, v00834DD8_0, 8;
    %jmp T_17.1;
T_17.0 ;
    %mov 136, 2, 8;
T_17.1 ;
; Save base=136 wid=8 in lookaside.
    %ix/get 3, 136, 8;
    %load/av 16, v00831730, 8;
    %ix/load 1, 16, 0;
    %mov 4, 0, 1;
    %jmp/1 T_17.2, 4;
    %load/x1p 136, v00834DD8_0, 8;
    %jmp T_17.3;
T_17.2 ;
    %mov 136, 2, 8;
T_17.3 ;
; Save base=136 wid=8 in lookaside.
    %ix/get 3, 136, 8;
    %load/av 24, v00831730, 8;
    %ix/load 1, 24, 0;
    %mov 4, 0, 1;
    %jmp/1 T_17.4, 4;
    %load/x1p 136, v00834DD8_0, 8;
    %jmp T_17.5;
T_17.4 ;
    %mov 136, 2, 8;
T_17.5 ;
; Save base=136 wid=8 in lookaside.
    %ix/get 3, 136, 8;
    %load/av 32, v00831730, 8;
    %ix/load 1, 32, 0;
    %mov 4, 0, 1;
    %jmp/1 T_17.6, 4;
    %load/x1p 136, v00834DD8_0, 8;
    %jmp T_17.7;
T_17.6 ;
    %mov 136, 2, 8;
T_17.7 ;
; Save base=136 wid=8 in lookaside.
    %ix/get 3, 136, 8;
    %load/av 40, v00831730, 8;
    %ix/load 1, 40, 0;
    %mov 4, 0, 1;
    %jmp/1 T_17.8, 4;
    %load/x1p 136, v00834DD8_0, 8;
    %jmp T_17.9;
T_17.8 ;
    %mov 136, 2, 8;
T_17.9 ;
; Save base=136 wid=8 in lookaside.
    %ix/get 3, 136, 8;
    %load/av 48, v00831730, 8;
    %ix/load 1, 48, 0;
    %mov 4, 0, 1;
    %jmp/1 T_17.10, 4;
    %load/x1p 136, v00834DD8_0, 8;
    %jmp T_17.11;
T_17.10 ;
    %mov 136, 2, 8;
T_17.11 ;
; Save base=136 wid=8 in lookaside.
    %ix/get 3, 136, 8;
    %load/av 56, v00831730, 8;
    %ix/load 1, 56, 0;
    %mov 4, 0, 1;
    %jmp/1 T_17.12, 4;
    %load/x1p 136, v00834DD8_0, 8;
    %jmp T_17.13;
T_17.12 ;
    %mov 136, 2, 8;
T_17.13 ;
; Save base=136 wid=8 in lookaside.
    %ix/get 3, 136, 8;
    %load/av 64, v00831730, 8;
    %ix/load 1, 64, 0;
    %mov 4, 0, 1;
    %jmp/1 T_17.14, 4;
    %load/x1p 136, v00834DD8_0, 8;
    %jmp T_17.15;
T_17.14 ;
    %mov 136, 2, 8;
T_17.15 ;
; Save base=136 wid=8 in lookaside.
    %ix/get 3, 136, 8;
    %load/av 72, v00831730, 8;
    %ix/load 1, 72, 0;
    %mov 4, 0, 1;
    %jmp/1 T_17.16, 4;
    %load/x1p 136, v00834DD8_0, 8;
    %jmp T_17.17;
T_17.16 ;
    %mov 136, 2, 8;
T_17.17 ;
; Save base=136 wid=8 in lookaside.
    %ix/get 3, 136, 8;
    %load/av 80, v00831730, 8;
    %ix/load 1, 80, 0;
    %mov 4, 0, 1;
    %jmp/1 T_17.18, 4;
    %load/x1p 136, v00834DD8_0, 8;
    %jmp T_17.19;
T_17.18 ;
    %mov 136, 2, 8;
T_17.19 ;
; Save base=136 wid=8 in lookaside.
    %ix/get 3, 136, 8;
    %load/av 88, v00831730, 8;
    %ix/load 1, 88, 0;
    %mov 4, 0, 1;
    %jmp/1 T_17.20, 4;
    %load/x1p 136, v00834DD8_0, 8;
    %jmp T_17.21;
T_17.20 ;
    %mov 136, 2, 8;
T_17.21 ;
; Save base=136 wid=8 in lookaside.
    %ix/get 3, 136, 8;
    %load/av 96, v00831730, 8;
    %ix/load 1, 96, 0;
    %mov 4, 0, 1;
    %jmp/1 T_17.22, 4;
    %load/x1p 136, v00834DD8_0, 8;
    %jmp T_17.23;
T_17.22 ;
    %mov 136, 2, 8;
T_17.23 ;
; Save base=136 wid=8 in lookaside.
    %ix/get 3, 136, 8;
    %load/av 104, v00831730, 8;
    %ix/load 1, 104, 0;
    %mov 4, 0, 1;
    %jmp/1 T_17.24, 4;
    %load/x1p 136, v00834DD8_0, 8;
    %jmp T_17.25;
T_17.24 ;
    %mov 136, 2, 8;
T_17.25 ;
; Save base=136 wid=8 in lookaside.
    %ix/get 3, 136, 8;
    %load/av 112, v00831730, 8;
    %ix/load 1, 112, 0;
    %mov 4, 0, 1;
    %jmp/1 T_17.26, 4;
    %load/x1p 136, v00834DD8_0, 8;
    %jmp T_17.27;
T_17.26 ;
    %mov 136, 2, 8;
T_17.27 ;
; Save base=136 wid=8 in lookaside.
    %ix/get 3, 136, 8;
    %load/av 120, v00831730, 8;
    %ix/load 1, 120, 0;
    %mov 4, 0, 1;
    %jmp/1 T_17.28, 4;
    %load/x1p 136, v00834DD8_0, 8;
    %jmp T_17.29;
T_17.28 ;
    %mov 136, 2, 8;
T_17.29 ;
; Save base=136 wid=8 in lookaside.
    %ix/get 3, 136, 8;
    %load/av 128, v00831730, 8;
    %ix/load 0, 128, 0;
    %assign/v0 v00834E30_0, 0, 8;
    %jmp T_17;
    .thread T_17;
    .scope S_0086D488;
T_18 ;
    %wait E_00826F10;
    %load/v 40, v012AA998_0, 8; Only need 8 of 32 bits
; Save base=40 wid=8 in lookaside.
    %ix/get 3, 40, 8;
    %load/av 8, v012AAB68, 8;
    %ix/load 1, 8, 0;
    %mov 4, 0, 1;
    %jmp/1 T_18.0, 4;
    %load/x1p 40, v012AA998_0, 8;
    %jmp T_18.1;
T_18.0 ;
    %mov 40, 2, 8;
T_18.1 ;
; Save base=40 wid=8 in lookaside.
    %ix/get 3, 40, 8;
    %load/av 16, v012AAB68, 8;
    %ix/load 1, 16, 0;
    %mov 4, 0, 1;
    %jmp/1 T_18.2, 4;
    %load/x1p 40, v012AA998_0, 8;
    %jmp T_18.3;
T_18.2 ;
    %mov 40, 2, 8;
T_18.3 ;
; Save base=40 wid=8 in lookaside.
    %ix/get 3, 40, 8;
    %load/av 24, v012AAB68, 8;
    %ix/load 1, 24, 0;
    %mov 4, 0, 1;
    %jmp/1 T_18.4, 4;
    %load/x1p 40, v012AA998_0, 8;
    %jmp T_18.5;
T_18.4 ;
    %mov 40, 2, 8;
T_18.5 ;
; Save base=40 wid=8 in lookaside.
    %ix/get 3, 40, 8;
    %load/av 32, v012AAB68, 8;
    %ix/load 0, 32, 0;
    %assign/v0 v012AA9F0_0, 0, 8;
    %jmp T_18;
    .thread T_18;
    .scope S_0086E0C0;
T_19 ;
    %delay 60, 0;
    %load/v 8, v008A3D78_0, 1;
    %inv 8, 1;
    %set/v v008A3D78_0, 8, 1;
    %jmp T_19;
    .thread T_19;
    .scope S_0086E0C0;
T_20 ;
    %vpi_func 2 79 "$fopen", 8, 32, "text/plaintext_ascii.txt", "w";
    %set/v v008A3ED8_0, 8, 32;
    %vpi_call 2 80 "$readmemh", "text/cyphertext_ascii.txt", v008A1ED8;
    %vpi_call 2 81 "$readmemh", "text/key.txt", v008A1850;
    %vpi_call 2 82 "$readmemh", "text/inv_S_box.txt", v00831730;
    %vpi_call 2 83 "$readmemh", "text/S_box.txt", v012AAB68;
    %set/v v008A3D78_0, 0, 1;
    %set/v v008A4F38_0, 1, 1;
    %delay 20, 0;
    %set/v v008A4F38_0, 0, 1;
    %delay 120, 0;
    %set/v v008A4F38_0, 1, 1;
    %delay 64800, 0;
    %set/v v008A3F88_0, 0, 32;
T_20.0 ;
    %load/v 8, v008A3F88_0, 32;
   %cmpi/s 8, 128, 32;
    %jmp/0xz T_20.1, 5;
    %ix/getv/s 3, v008A3F88_0;
    %load/av 8, v008A1A08, 128;
    %cmp/u 8, 2, 128;
    %inv 6, 1;
    %jmp/0xz  T_20.2, 6;
    %vpi_call 2 98 "$fwrite", v008A3ED8_0, "%h", &A<v008A1A08, v008A3F88_0 >;
T_20.2 ;
    %ix/load 0, 1, 0;
    %load/vp0/s 8, v008A3F88_0, 32;
    %set/v v008A3F88_0, 8, 32;
    %jmp T_20.0;
T_20.1 ;
    %delay 120, 0;
    %vpi_call 2 100 "$finish";
    %end;
    .thread T_20;
# The file index is used to find the file name in the following table.
:file_names 16;
    "N/A";
    "<interactive>";
    ".\testbench.v";
    "./AES/AES.v";
    "./AES/pc.v";
    "./AES/addroundkey.v";
    "./AES/MUX2_128.v";
    "./AES/algorithm_reg.v";
    "./AES/inv_shiftrows.v";
    "./AES/inv_mixcolumns.v";
    "./AES/key_expansion.v";
    "./AES/controller.v";
    "./ROM/cyphertext_key_memory.v";
    "./RAM/plaintext_memory.v";
    "./ROM/inv_S_box_memory.v";
    "./ROM/S_box_memory.v";
